# JRE version: OpenJDK Runtime Environment Temurin-21.0.8+9 (21.0.8+9) (build 21.0.8+9-LTS)
# Java VM: OpenJDK 64-Bit Server VM Temurin-21.0.8+9 (21.0.8+9-LTS, mixed mode, sharing, tiered, compressed oops, compressed class ptrs, parallel gc, windows-amd64)
GC Precious Log:
 CardTable entry size: 512
 CPUs: 8 total, 8 available
 Memory: 6017M
 Large Page Support: Disabled
 NUMA Support: Disabled
 Compressed Oops: Enabled (32-bit)
 Alignments: Space 512K, Generation 512K, Heap 2M
 Heap Min Capacity: 100M
 Heap Initial Capacity: 100M
 Heap Max Capacity: 2G
 Pre-touch: Disabled
 Parallel Workers: 8
Heap:
 PSYoungGen      total 8192K, used 2545K [0x00000000d5580000, 0x00000000d6580000, 0x0000000100000000)
  eden space 7680K, 29% used [0x00000000d5580000,0x00000000d57bc780,0x00000000d5d00000)
  from space 512K, 50% used [0x00000000d6500000,0x00000000d6540000,0x00000000d6580000)
  to   space 512K, 0% used [0x00000000d6480000,0x00000000d6480000,0x00000000d6500000)
 ParOldGen       total 774656K, used 774169K [0x0000000080000000, 0x00000000af480000, 0x00000000d5580000)
  object space 774656K, 99% used [0x0000000080000000,0x00000000af406470,0x00000000af480000)
 Metaspace       used 75638K, committed 77120K, reserved 1179648K
  class space    used 8363K, committed 9024K, reserved 1048576K
GC Heap History (20 events):
Event: 255.860 GC heap before
{Heap before GC invocations=5490 (full 5):
 PSYoungGen      total 5120K, used 4672K [0x00000000d5580000, 0x00000000d5d80000, 0x0000000100000000)
  eden space 2560K, 100% used [0x00000000d5580000,0x00000000d5800000,0x00000000d5800000)
  from space 2560K, 82% used [0x00000000d5b00000,0x00000000d5d10000,0x00000000d5d80000)
  to   space 2560K, 0% used [0x00000000d5880000,0x00000000d5880000,0x00000000d5b00000)
 ParOldGen       total 748544K, used 748062K [0x0000000080000000, 0x00000000adb00000, 0x00000000d5580000)
  object space 748544K, 99% used [0x0000000080000000,0x00000000ada87b98,0x00000000adb00000)
 Metaspace       used 75339K, committed 76864K, reserved 1179648K
  class space    used 8336K, committed 9024K, reserved 1048576K
}
Event: 255.868 GC heap after
{Heap after GC invocations=5490 (full 5):
 PSYoungGen      total 5632K, used 2560K [0x00000000d5580000, 0x00000000d6280000, 0x0000000100000000)
  eden space 3072K, 0% used [0x00000000d5580000,0x00000000d5580000,0x00000000d5880000)
  from space 2560K, 100% used [0x00000000d5880000,0x00000000d5b00000,0x00000000d5b00000)
  to   space 5120K, 0% used [0x00000000d5d80000,0x00000000d5d80000,0x00000000d6280000)
 ParOldGen       total 750592K, used 750158K [0x0000000080000000, 0x00000000add00000, 0x00000000d5580000)
  object space 750592K, 99% used [0x0000000080000000,0x00000000adc93b98,0x00000000add00000)
 Metaspace       used 75339K, committed 76864K, reserved 1179648K
  class space    used 8336K, committed 9024K, reserved 1048576K
}
Event: 255.891 GC heap before
{Heap before GC invocations=5491 (full 5):
 PSYoungGen      total 5632K, used 5632K [0x00000000d5580000, 0x00000000d6280000, 0x0000000100000000)
  eden space 3072K, 100% used [0x00000000d5580000,0x00000000d5880000,0x00000000d5880000)
  from space 2560K, 100% used [0x00000000d5880000,0x00000000d5b00000,0x00000000d5b00000)
  to   space 5120K, 0% used [0x00000000d5d80000,0x00000000d5d80000,0x00000000d6280000)
 ParOldGen       total 750592K, used 750158K [0x0000000080000000, 0x00000000add00000, 0x00000000d5580000)
  object space 750592K, 99% used [0x0000000080000000,0x00000000adc93b98,0x00000000add00000)
 Metaspace       used 75339K, committed 76864K, reserved 1179648K
  class space    used 8336K, committed 9024K, reserved 1048576K
}
Event: 255.899 GC heap after
{Heap after GC invocations=5491 (full 5):
 PSYoungGen      total 8192K, used 3168K [0x00000000d5580000, 0x00000000d6180000, 0x0000000100000000)
  eden space 4096K, 0% used [0x00000000d5580000,0x00000000d5580000,0x00000000d5980000)
  from space 4096K, 77% used [0x00000000d5d80000,0x00000000d6098000,0x00000000d6180000)
  to   space 4096K, 0% used [0x00000000d5980000,0x00000000d5980000,0x00000000d5d80000)
 ParOldGen       total 753152K, used 752734K [0x0000000080000000, 0x00000000adf80000, 0x00000000d5580000)
  object space 753152K, 99% used [0x0000000080000000,0x00000000adf17b98,0x00000000adf80000)
 Metaspace       used 75339K, committed 76864K, reserved 1179648K
  class space    used 8336K, committed 9024K, reserved 1048576K
}
Event: 255.922 GC heap before
{Heap before GC invocations=5492 (full 5):
 PSYoungGen      total 8192K, used 7264K [0x00000000d5580000, 0x00000000d6180000, 0x0000000100000000)
  eden space 4096K, 100% used [0x00000000d5580000,0x00000000d5980000,0x00000000d5980000)
  from space 4096K, 77% used [0x00000000d5d80000,0x00000000d6098000,0x00000000d6180000)
  to   space 4096K, 0% used [0x00000000d5980000,0x00000000d5980000,0x00000000d5d80000)
 ParOldGen       total 753152K, used 752734K [0x0000000080000000, 0x00000000adf80000, 0x00000000d5580000)
  object space 753152K, 99% used [0x0000000080000000,0x00000000adf17b98,0x00000000adf80000)
 Metaspace       used 75339K, committed 76864K, reserved 1179648K
  class space    used 8336K, committed 9024K, reserved 1048576K
}
Event: 255.932 GC heap after
{Heap after GC invocations=5492 (full 5):
 PSYoungGen      total 8192K, used 4087K [0x00000000d5580000, 0x00000000d6a80000, 0x0000000100000000)
  eden space 4096K, 0% used [0x00000000d5580000,0x00000000d5580000,0x00000000d5980000)
  from space 4096K, 99% used [0x00000000d5980000,0x00000000d5d7dc28,0x00000000d5d80000)
  to   space 8192K, 0% used [0x00000000d6280000,0x00000000d6280000,0x00000000d6a80000)
 ParOldGen       total 756224K, used 755886K [0x0000000080000000, 0x00000000ae280000, 0x00000000d5580000)
  object space 756224K, 99% used [0x0000000080000000,0x00000000ae22bb98,0x00000000ae280000)
 Metaspace       used 75339K, committed 76864K, reserved 1179648K
  class space    used 8336K, committed 9024K, reserved 1048576K
}
Event: 255.946 GC heap before
{Heap before GC invocations=5493 (full 5):
 PSYoungGen      total 8192K, used 8183K [0x00000000d5580000, 0x00000000d6a80000, 0x0000000100000000)
  eden space 4096K, 100% used [0x00000000d5580000,0x00000000d5980000,0x00000000d5980000)
  from space 4096K, 99% used [0x00000000d5980000,0x00000000d5d7dc28,0x00000000d5d80000)
  to   space 8192K, 0% used [0x00000000d6280000,0x00000000d6280000,0x00000000d6a80000)
 ParOldGen       total 756224K, used 755886K [0x0000000080000000, 0x00000000ae280000, 0x00000000d5580000)
  object space 756224K, 99% used [0x0000000080000000,0x00000000ae22bb98,0x00000000ae280000)
 Metaspace       used 75339K, committed 76864K, reserved 1179648K
  class space    used 8336K, committed 9024K, reserved 1048576K
}
Event: 255.953 GC heap after
{Heap after GC invocations=5493 (full 5):
 PSYoungGen      total 8192K, used 2991K [0x00000000d5580000, 0x00000000d6580000, 0x0000000100000000)
  eden space 5120K, 0% used [0x00000000d5580000,0x00000000d5580000,0x00000000d5a80000)
  from space 3072K, 97% used [0x00000000d6280000,0x00000000d656bd08,0x00000000d6580000)
  to   space 4608K, 0% used [0x00000000d5c80000,0x00000000d5c80000,0x00000000d6100000)
 ParOldGen       total 757760K, used 757512K [0x0000000080000000, 0x00000000ae400000, 0x00000000d5580000)
  object space 757760K, 99% used [0x0000000080000000,0x00000000ae3c22c0,0x00000000ae400000)
 Metaspace       used 75339K, committed 76864K, reserved 1179648K
  class space    used 8336K, committed 9024K, reserved 1048576K
}
Event: 255.989 GC heap before
{Heap before GC invocations=5494 (full 5):
 PSYoungGen      total 8192K, used 8111K [0x00000000d5580000, 0x00000000d6580000, 0x0000000100000000)
  eden space 5120K, 100% used [0x00000000d5580000,0x00000000d5a80000,0x00000000d5a80000)
  from space 3072K, 97% used [0x00000000d6280000,0x00000000d656bd08,0x00000000d6580000)
  to   space 4608K, 0% used [0x00000000d5c80000,0x00000000d5c80000,0x00000000d6100000)
 ParOldGen       total 757760K, used 757512K [0x0000000080000000, 0x00000000ae400000, 0x00000000d5580000)
  object space 757760K, 99% used [0x0000000080000000,0x00000000ae3c22c0,0x00000000ae400000)
 Metaspace       used 75339K, committed 76864K, reserved 1179648K
  class space    used 8336K, committed 9024K, reserved 1048576K
}
Event: 255.998 GC heap after
{Heap after GC invocations=5494 (full 5):
 PSYoungGen      total 10752K, used 4608K [0x00000000d5580000, 0x00000000d6d80000, 0x0000000100000000)
  eden space 6144K, 0% used [0x00000000d5580000,0x00000000d5580000,0x00000000d5b80000)
  from space 4608K, 100% used [0x00000000d5c80000,0x00000000d6100000,0x00000000d6100000)
  to   space 9216K, 0% used [0x00000000d6480000,0x00000000d6480000,0x00000000d6d80000)
 ParOldGen       total 761344K, used 760943K [0x0000000080000000, 0x00000000ae780000, 0x00000000d5580000)
  object space 761344K, 99% used [0x0000000080000000,0x00000000ae71bfc8,0x00000000ae780000)
 Metaspace       used 75339K, committed 76864K, reserved 1179648K
  class space    used 8336K, committed 9024K, reserved 1048576K
}
Event: 256.225 GC heap before
{Heap before GC invocations=5495 (full 5):
 PSYoungGen      total 10752K, used 9580K [0x00000000d5580000, 0x00000000d6d80000, 0x0000000100000000)
  eden space 6144K, 80% used [0x00000000d5580000,0x00000000d5a5b098,0x00000000d5b80000)
  from space 4608K, 100% used [0x00000000d5c80000,0x00000000d6100000,0x00000000d6100000)
  to   space 9216K, 0% used [0x00000000d6480000,0x00000000d6480000,0x00000000d6d80000)
 ParOldGen       total 761344K, used 760943K [0x0000000080000000, 0x00000000ae780000, 0x00000000d5580000)
  object space 761344K, 99% used [0x0000000080000000,0x00000000ae71bfc8,0x00000000ae780000)
 Metaspace       used 75339K, committed 76864K, reserved 1179648K
  class space    used 8336K, committed 9024K, reserved 1048576K
}
Event: 256.236 GC heap after
{Heap after GC invocations=5495 (full 5):
 PSYoungGen      total 10752K, used 2698K [0x00000000d5580000, 0x00000000d6780000, 0x0000000100000000)
  eden space 7680K, 0% used [0x00000000d5580000,0x00000000d5580000,0x00000000d5d00000)
  from space 3072K, 87% used [0x00000000d6480000,0x00000000d6722a30,0x00000000d6780000)
  to   space 5120K, 0% used [0x00000000d5d80000,0x00000000d5d80000,0x00000000d6280000)
 ParOldGen       total 765952K, used 765623K [0x0000000080000000, 0x00000000aec00000, 0x00000000d5580000)
  object space 765952K, 99% used [0x0000000080000000,0x00000000aebadfc8,0x00000000aec00000)
 Metaspace       used 75339K, committed 76864K, reserved 1179648K
  class space    used 8336K, committed 9024K, reserved 1048576K
}
Event: 257.234 GC heap before
{Heap before GC invocations=5496 (full 5):
 PSYoungGen      total 10752K, used 10378K [0x00000000d5580000, 0x00000000d6780000, 0x0000000100000000)
  eden space 7680K, 100% used [0x00000000d5580000,0x00000000d5d00000,0x00000000d5d00000)
  from space 3072K, 87% used [0x00000000d6480000,0x00000000d6722a30,0x00000000d6780000)
  to   space 5120K, 0% used [0x00000000d5d80000,0x00000000d5d80000,0x00000000d6280000)
 ParOldGen       total 765952K, used 765623K [0x0000000080000000, 0x00000000aec00000, 0x00000000d5580000)
  object space 765952K, 99% used [0x0000000080000000,0x00000000aebadfc8,0x00000000aec00000)
 Metaspace       used 75339K, committed 76864K, reserved 1179648K
  class space    used 8336K, committed 9024K, reserved 1048576K
}
Event: 257.244 GC heap after
{Heap after GC invocations=5496 (full 5):
 PSYoungGen      total 12800K, used 5101K [0x00000000d5580000, 0x00000000d6f00000, 0x0000000100000000)
  eden space 7680K, 0% used [0x00000000d5580000,0x00000000d5580000,0x00000000d5d00000)
  from space 5120K, 99% used [0x00000000d5d80000,0x00000000d627b6e0,0x00000000d6280000)
  to   space 9216K, 0% used [0x00000000d6600000,0x00000000d6600000,0x00000000d6f00000)
 ParOldGen       total 768512K, used 768446K [0x0000000080000000, 0x00000000aee80000, 0x00000000d5580000)
  object space 768512K, 99% used [0x0000000080000000,0x00000000aee6f828,0x00000000aee80000)
 Metaspace       used 75339K, committed 76864K, reserved 1179648K
  class space    used 8336K, committed 9024K, reserved 1048576K
}
Event: 257.452 GC heap before
{Heap before GC invocations=5497 (full 5):
 PSYoungGen      total 12800K, used 12755K [0x00000000d5580000, 0x00000000d6f00000, 0x0000000100000000)
  eden space 7680K, 99% used [0x00000000d5580000,0x00000000d5cf9590,0x00000000d5d00000)
  from space 5120K, 99% used [0x00000000d5d80000,0x00000000d627b6e0,0x00000000d6280000)
  to   space 9216K, 0% used [0x00000000d6600000,0x00000000d6600000,0x00000000d6f00000)
 ParOldGen       total 768512K, used 768446K [0x0000000080000000, 0x00000000aee80000, 0x00000000d5580000)
  object space 768512K, 99% used [0x0000000080000000,0x00000000aee6f828,0x00000000aee80000)
 Metaspace       used 75339K, committed 76864K, reserved 1179648K
  class space    used 8336K, committed 9024K, reserved 1048576K
}
Event: 257.460 GC heap after
{Heap after GC invocations=5497 (full 5):
 PSYoungGen      total 10240K, used 2135K [0x00000000d5580000, 0x00000000d6880000, 0x0000000100000000)
  eden space 7680K, 0% used [0x00000000d5580000,0x00000000d5580000,0x00000000d5d00000)
  from space 2560K, 83% used [0x00000000d6600000,0x00000000d6815ca8,0x00000000d6880000)
  to   space 4608K, 0% used [0x00000000d5f80000,0x00000000d5f80000,0x00000000d6400000)
 ParOldGen       total 772608K, used 772289K [0x0000000080000000, 0x00000000af280000, 0x00000000d5580000)
  object space 772608K, 99% used [0x0000000080000000,0x00000000af2305f0,0x00000000af280000)
 Metaspace       used 75339K, committed 76864K, reserved 1179648K
  class space    used 8336K, committed 9024K, reserved 1048576K
}
Event: 257.951 GC heap before
{Heap before GC invocations=5498 (full 5):
 PSYoungGen      total 10240K, used 9815K [0x00000000d5580000, 0x00000000d6880000, 0x0000000100000000)
  eden space 7680K, 100% used [0x00000000d5580000,0x00000000d5d00000,0x00000000d5d00000)
  from space 2560K, 83% used [0x00000000d6600000,0x00000000d6815ca8,0x00000000d6880000)
  to   space 4608K, 0% used [0x00000000d5f80000,0x00000000d5f80000,0x00000000d6400000)
 ParOldGen       total 772608K, used 772289K [0x0000000080000000, 0x00000000af280000, 0x00000000d5580000)
  object space 772608K, 99% used [0x0000000080000000,0x00000000af2305f0,0x00000000af280000)
 Metaspace       used 75359K, committed 76928K, reserved 1179648K
  class space    used 8336K, committed 9024K, reserved 1048576K
}
Event: 257.956 GC heap after
{Heap after GC invocations=5498 (full 5):
 PSYoungGen      total 12288K, used 356K [0x00000000d5580000, 0x00000000d6680000, 0x0000000100000000)
  eden space 7680K, 0% used [0x00000000d5580000,0x00000000d5580000,0x00000000d5d00000)
  from space 4608K, 7% used [0x00000000d5f80000,0x00000000d5fd9028,0x00000000d6400000)
  to   space 1536K, 0% used [0x00000000d6500000,0x00000000d6500000,0x00000000d6680000)
 ParOldGen       total 774144K, used 774088K [0x0000000080000000, 0x00000000af400000, 0x00000000d5580000)
  object space 774144K, 99% used [0x0000000080000000,0x00000000af3f2260,0x00000000af400000)
 Metaspace       used 75359K, committed 76928K, reserved 1179648K
  class space    used 8336K, committed 9024K, reserved 1048576K
}
Event: 3424.756 GC heap before
{Heap before GC invocations=5499 (full 5):
 PSYoungGen      total 12288K, used 8036K [0x00000000d5580000, 0x00000000d6680000, 0x0000000100000000)
  eden space 7680K, 100% used [0x00000000d5580000,0x00000000d5d00000,0x00000000d5d00000)
  from space 4608K, 7% used [0x00000000d5f80000,0x00000000d5fd9028,0x00000000d6400000)
  to   space 1536K, 0% used [0x00000000d6500000,0x00000000d6500000,0x00000000d6680000)
 ParOldGen       total 774144K, used 774088K [0x0000000080000000, 0x00000000af400000, 0x00000000d5580000)
  object space 774144K, 99% used [0x0000000080000000,0x00000000af3f2260,0x00000000af400000)
 Metaspace       used 75619K, committed 77120K, reserved 1179648K
  class space    used 8363K, committed 9024K, reserved 1048576K
}
Event: 3425.992 GC heap after
{Heap after GC invocations=5499 (full 5):
 PSYoungGen      total 8192K, used 256K [0x00000000d5580000, 0x00000000d6580000, 0x0000000100000000)
  eden space 7680K, 0% used [0x00000000d5580000,0x00000000d5580000,0x00000000d5d00000)
  from space 512K, 50% used [0x00000000d6500000,0x00000000d6540000,0x00000000d6580000)
  to   space 512K, 0% used [0x00000000d6480000,0x00000000d6480000,0x00000000d6500000)
 ParOldGen       total 774656K, used 774169K [0x0000000080000000, 0x00000000af480000, 0x00000000d5580000)
  object space 774656K, 99% used [0x0000000080000000,0x00000000af406470,0x00000000af480000)
 Metaspace       used 75619K, committed 77120K, reserved 1179648K
  class space    used 8363K, committed 9024K, reserved 1048576K
}

