# JRE version: OpenJDK Runtime Environment Temurin-21.0.8+9 (21.0.8+9) (build 21.0.8+9-LTS)
# Java VM: OpenJDK 64-Bit Server VM Temurin-21.0.8+9 (21.0.8+9-LTS, mixed mode, sharing, tiered, compressed oops, compressed class ptrs, parallel gc, windows-amd64)
GC Precious Log:
 CardTable entry size: 512
 CPUs: 8 total, 8 available
 Memory: 6017M
 Large Page Support: Disabled
 NUMA Support: Disabled
 Compressed Oops: Enabled (32-bit)
 Alignments: Space 512K, Generation 512K, Heap 2M
 Heap Min Capacity: 100M
 Heap Initial Capacity: 100M
 Heap Max Capacity: 2G
 Pre-touch: Disabled
 Parallel Workers: 8
Heap:
 PSYoungGen      total 4096K, used 4070K [0x00000000d5580000, 0x00000000d5b00000, 0x0000000100000000)
  eden space 3584K, 99% used [0x00000000d5580000,0x00000000d58f9980,0x00000000d5900000)
  from space 512K, 100% used [0x00000000d5a00000,0x00000000d5a80000,0x00000000d5a80000)
  to   space 1024K, 0% used [0x00000000d5900000,0x00000000d5900000,0x00000000d5a00000)
 ParOldGen       total 338944K, used 338871K [0x0000000080000000, 0x0000000094b00000, 0x00000000d5580000)
  object space 338944K, 99% used [0x0000000080000000,0x0000000094aedda0,0x0000000094b00000)
 Metaspace       used 59390K, committed 60736K, reserved 1114112K
  class space    used 6851K, committed 7424K, reserved 1048576K
GC Heap History (20 events):
Event: 35.654 GC heap before
{Heap before GC invocations=412 (full 3):
 PSYoungGen      total 4096K, used 4032K [0x00000000d5580000, 0x00000000d5b80000, 0x0000000100000000)
  eden space 3584K, 100% used [0x00000000d5580000,0x00000000d5900000,0x00000000d5900000)
  from space 512K, 87% used [0x00000000d5b00000,0x00000000d5b70000,0x00000000d5b80000)
  to   space 512K, 0% used [0x00000000d5a80000,0x00000000d5a80000,0x00000000d5b00000)
 ParOldGen       total 335360K, used 335291K [0x0000000080000000, 0x0000000094780000, 0x00000000d5580000)
  object space 335360K, 99% used [0x0000000080000000,0x000000009476ed78,0x0000000094780000)
 Metaspace       used 59326K, committed 60608K, reserved 1114112K
  class space    used 6847K, committed 7424K, reserved 1048576K
}
Event: 35.657 GC heap after
{Heap after GC invocations=412 (full 3):
 PSYoungGen      total 4096K, used 510K [0x00000000d5580000, 0x00000000d5b80000, 0x0000000100000000)
  eden space 3584K, 0% used [0x00000000d5580000,0x00000000d5580000,0x00000000d5900000)
  from space 512K, 99% used [0x00000000d5a80000,0x00000000d5aff8e0,0x00000000d5b00000)
  to   space 512K, 0% used [0x00000000d5b00000,0x00000000d5b00000,0x00000000d5b80000)
 ParOldGen       total 335872K, used 335675K [0x0000000080000000, 0x0000000094800000, 0x00000000d5580000)
  object space 335872K, 99% used [0x0000000080000000,0x00000000947ced78,0x0000000094800000)
 Metaspace       used 59326K, committed 60608K, reserved 1114112K
  class space    used 6847K, committed 7424K, reserved 1048576K
}
Event: 35.696 GC heap before
{Heap before GC invocations=413 (full 3):
 PSYoungGen      total 4096K, used 4094K [0x00000000d5580000, 0x00000000d5b80000, 0x0000000100000000)
  eden space 3584K, 100% used [0x00000000d5580000,0x00000000d5900000,0x00000000d5900000)
  from space 512K, 99% used [0x00000000d5a80000,0x00000000d5aff8e0,0x00000000d5b00000)
  to   space 512K, 0% used [0x00000000d5b00000,0x00000000d5b00000,0x00000000d5b80000)
 ParOldGen       total 335872K, used 335675K [0x0000000080000000, 0x0000000094800000, 0x00000000d5580000)
  object space 335872K, 99% used [0x0000000080000000,0x00000000947ced78,0x0000000094800000)
 Metaspace       used 59326K, committed 60608K, reserved 1114112K
  class space    used 6847K, committed 7424K, reserved 1048576K
}
Event: 35.698 GC heap after
{Heap after GC invocations=413 (full 3):
 PSYoungGen      total 4096K, used 448K [0x00000000d5580000, 0x00000000d5b80000, 0x0000000100000000)
  eden space 3584K, 0% used [0x00000000d5580000,0x00000000d5580000,0x00000000d5900000)
  from space 512K, 87% used [0x00000000d5b00000,0x00000000d5b70000,0x00000000d5b80000)
  to   space 1024K, 0% used [0x00000000d5980000,0x00000000d5980000,0x00000000d5a80000)
 ParOldGen       total 336384K, used 336095K [0x0000000080000000, 0x0000000094880000, 0x00000000d5580000)
  object space 336384K, 99% used [0x0000000080000000,0x0000000094837f38,0x0000000094880000)
 Metaspace       used 59326K, committed 60608K, reserved 1114112K
  class space    used 6847K, committed 7424K, reserved 1048576K
}
Event: 35.720 GC heap before
{Heap before GC invocations=414 (full 3):
 PSYoungGen      total 4096K, used 3949K [0x00000000d5580000, 0x00000000d5b80000, 0x0000000100000000)
  eden space 3584K, 97% used [0x00000000d5580000,0x00000000d58eb760,0x00000000d5900000)
  from space 512K, 87% used [0x00000000d5b00000,0x00000000d5b70000,0x00000000d5b80000)
  to   space 1024K, 0% used [0x00000000d5980000,0x00000000d5980000,0x00000000d5a80000)
 ParOldGen       total 336384K, used 336095K [0x0000000080000000, 0x0000000094880000, 0x00000000d5580000)
  object space 336384K, 99% used [0x0000000080000000,0x0000000094837f38,0x0000000094880000)
 Metaspace       used 59326K, committed 60608K, reserved 1114112K
  class space    used 6847K, committed 7424K, reserved 1048576K
}
Event: 35.722 GC heap after
{Heap after GC invocations=414 (full 3):
 PSYoungGen      total 4608K, used 528K [0x00000000d5580000, 0x00000000d5b80000, 0x0000000100000000)
  eden space 3584K, 0% used [0x00000000d5580000,0x00000000d5580000,0x00000000d5900000)
  from space 1024K, 51% used [0x00000000d5980000,0x00000000d5a04050,0x00000000d5a80000)
  to   space 1024K, 0% used [0x00000000d5a80000,0x00000000d5a80000,0x00000000d5b80000)
 ParOldGen       total 336896K, used 336439K [0x0000000080000000, 0x0000000094900000, 0x00000000d5580000)
  object space 336896K, 99% used [0x0000000080000000,0x000000009488df38,0x0000000094900000)
 Metaspace       used 59326K, committed 60608K, reserved 1114112K
  class space    used 6847K, committed 7424K, reserved 1048576K
}
Event: 35.769 GC heap before
{Heap before GC invocations=415 (full 3):
 PSYoungGen      total 4608K, used 4112K [0x00000000d5580000, 0x00000000d5b80000, 0x0000000100000000)
  eden space 3584K, 100% used [0x00000000d5580000,0x00000000d5900000,0x00000000d5900000)
  from space 1024K, 51% used [0x00000000d5980000,0x00000000d5a04050,0x00000000d5a80000)
  to   space 1024K, 0% used [0x00000000d5a80000,0x00000000d5a80000,0x00000000d5b80000)
 ParOldGen       total 336896K, used 336439K [0x0000000080000000, 0x0000000094900000, 0x00000000d5580000)
  object space 336896K, 99% used [0x0000000080000000,0x000000009488df38,0x0000000094900000)
 Metaspace       used 59326K, committed 60608K, reserved 1114112K
  class space    used 6847K, committed 7424K, reserved 1048576K
}
Event: 35.772 GC heap after
{Heap after GC invocations=415 (full 3):
 PSYoungGen      total 4096K, used 512K [0x00000000d5580000, 0x00000000d5b00000, 0x0000000100000000)
  eden space 3584K, 0% used [0x00000000d5580000,0x00000000d5580000,0x00000000d5900000)
  from space 512K, 100% used [0x00000000d5a80000,0x00000000d5b00000,0x00000000d5b00000)
  to   space 1024K, 0% used [0x00000000d5900000,0x00000000d5900000,0x00000000d5a00000)
 ParOldGen       total 336896K, used 336791K [0x0000000080000000, 0x0000000094900000, 0x00000000d5580000)
  object space 336896K, 99% used [0x0000000080000000,0x00000000948e5f38,0x0000000094900000)
 Metaspace       used 59326K, committed 60608K, reserved 1114112K
  class space    used 6847K, committed 7424K, reserved 1048576K
}
Event: 35.864 GC heap before
{Heap before GC invocations=416 (full 3):
 PSYoungGen      total 4096K, used 4096K [0x00000000d5580000, 0x00000000d5b00000, 0x0000000100000000)
  eden space 3584K, 100% used [0x00000000d5580000,0x00000000d5900000,0x00000000d5900000)
  from space 512K, 100% used [0x00000000d5a80000,0x00000000d5b00000,0x00000000d5b00000)
  to   space 1024K, 0% used [0x00000000d5900000,0x00000000d5900000,0x00000000d5a00000)
 ParOldGen       total 336896K, used 336791K [0x0000000080000000, 0x0000000094900000, 0x00000000d5580000)
  object space 336896K, 99% used [0x0000000080000000,0x00000000948e5f38,0x0000000094900000)
 Metaspace       used 59326K, committed 60608K, reserved 1114112K
  class space    used 6847K, committed 7424K, reserved 1048576K
}
Event: 35.866 GC heap after
{Heap after GC invocations=416 (full 3):
 PSYoungGen      total 4608K, used 568K [0x00000000d5580000, 0x00000000d5b00000, 0x0000000100000000)
  eden space 3584K, 0% used [0x00000000d5580000,0x00000000d5580000,0x00000000d5900000)
  from space 1024K, 55% used [0x00000000d5900000,0x00000000d598e008,0x00000000d5a00000)
  to   space 1024K, 0% used [0x00000000d5a00000,0x00000000d5a00000,0x00000000d5b00000)
 ParOldGen       total 337408K, used 337135K [0x0000000080000000, 0x0000000094980000, 0x00000000d5580000)
  object space 337408K, 99% used [0x0000000080000000,0x000000009493bf38,0x0000000094980000)
 Metaspace       used 59326K, committed 60608K, reserved 1114112K
  class space    used 6847K, committed 7424K, reserved 1048576K
}
Event: 35.904 GC heap before
{Heap before GC invocations=417 (full 3):
 PSYoungGen      total 4608K, used 4152K [0x00000000d5580000, 0x00000000d5b00000, 0x0000000100000000)
  eden space 3584K, 100% used [0x00000000d5580000,0x00000000d5900000,0x00000000d5900000)
  from space 1024K, 55% used [0x00000000d5900000,0x00000000d598e008,0x00000000d5a00000)
  to   space 1024K, 0% used [0x00000000d5a00000,0x00000000d5a00000,0x00000000d5b00000)
 ParOldGen       total 337408K, used 337135K [0x0000000080000000, 0x0000000094980000, 0x00000000d5580000)
  object space 337408K, 99% used [0x0000000080000000,0x000000009493bf38,0x0000000094980000)
 Metaspace       used 59326K, committed 60608K, reserved 1114112K
  class space    used 6847K, committed 7424K, reserved 1048576K
}
Event: 35.907 GC heap after
{Heap after GC invocations=417 (full 3):
 PSYoungGen      total 4096K, used 448K [0x00000000d5580000, 0x00000000d5a80000, 0x0000000100000000)
  eden space 3584K, 0% used [0x00000000d5580000,0x00000000d5580000,0x00000000d5900000)
  from space 512K, 87% used [0x00000000d5a00000,0x00000000d5a70220,0x00000000d5a80000)
  to   space 512K, 0% used [0x00000000d5980000,0x00000000d5980000,0x00000000d5a00000)
 ParOldGen       total 337920K, used 337623K [0x0000000080000000, 0x0000000094a00000, 0x00000000d5580000)
  object space 337920K, 99% used [0x0000000080000000,0x00000000949b5f40,0x0000000094a00000)
 Metaspace       used 59326K, committed 60608K, reserved 1114112K
  class space    used 6847K, committed 7424K, reserved 1048576K
}
Event: 36.626 GC heap before
{Heap before GC invocations=418 (full 3):
 PSYoungGen      total 4096K, used 4032K [0x00000000d5580000, 0x00000000d5a80000, 0x0000000100000000)
  eden space 3584K, 100% used [0x00000000d5580000,0x00000000d5900000,0x00000000d5900000)
  from space 512K, 87% used [0x00000000d5a00000,0x00000000d5a70220,0x00000000d5a80000)
  to   space 512K, 0% used [0x00000000d5980000,0x00000000d5980000,0x00000000d5a00000)
 ParOldGen       total 337920K, used 337623K [0x0000000080000000, 0x0000000094a00000, 0x00000000d5580000)
  object space 337920K, 99% used [0x0000000080000000,0x00000000949b5f40,0x0000000094a00000)
 Metaspace       used 59333K, committed 60608K, reserved 1114112K
  class space    used 6849K, committed 7424K, reserved 1048576K
}
Event: 36.629 GC heap after
{Heap after GC invocations=418 (full 3):
 PSYoungGen      total 4096K, used 224K [0x00000000d5580000, 0x00000000d5a80000, 0x0000000100000000)
  eden space 3584K, 0% used [0x00000000d5580000,0x00000000d5580000,0x00000000d5900000)
  from space 512K, 43% used [0x00000000d5980000,0x00000000d59b8000,0x00000000d5a00000)
  to   space 512K, 0% used [0x00000000d5a00000,0x00000000d5a00000,0x00000000d5a80000)
 ParOldGen       total 337920K, used 337903K [0x0000000080000000, 0x0000000094a00000, 0x00000000d5580000)
  object space 337920K, 99% used [0x0000000080000000,0x00000000949fbf40,0x0000000094a00000)
 Metaspace       used 59333K, committed 60608K, reserved 1114112K
  class space    used 6849K, committed 7424K, reserved 1048576K
}
Event: 36.851 GC heap before
{Heap before GC invocations=419 (full 3):
 PSYoungGen      total 4096K, used 3808K [0x00000000d5580000, 0x00000000d5a80000, 0x0000000100000000)
  eden space 3584K, 100% used [0x00000000d5580000,0x00000000d5900000,0x00000000d5900000)
  from space 512K, 43% used [0x00000000d5980000,0x00000000d59b8000,0x00000000d5a00000)
  to   space 512K, 0% used [0x00000000d5a00000,0x00000000d5a00000,0x00000000d5a80000)
 ParOldGen       total 337920K, used 337903K [0x0000000080000000, 0x0000000094a00000, 0x00000000d5580000)
  object space 337920K, 99% used [0x0000000080000000,0x00000000949fbf40,0x0000000094a00000)
 Metaspace       used 59343K, committed 60672K, reserved 1114112K
  class space    used 6849K, committed 7424K, reserved 1048576K
}
Event: 36.854 GC heap after
{Heap after GC invocations=419 (full 3):
 PSYoungGen      total 4096K, used 496K [0x00000000d5580000, 0x00000000d5b00000, 0x0000000100000000)
  eden space 3584K, 0% used [0x00000000d5580000,0x00000000d5580000,0x00000000d5900000)
  from space 512K, 96% used [0x00000000d5a00000,0x00000000d5a7c000,0x00000000d5a80000)
  to   space 1024K, 0% used [0x00000000d5900000,0x00000000d5900000,0x00000000d5a00000)
 ParOldGen       total 338432K, used 338272K [0x0000000080000000, 0x0000000094a80000, 0x00000000d5580000)
  object space 338432K, 99% used [0x0000000080000000,0x0000000094a58340,0x0000000094a80000)
 Metaspace       used 59343K, committed 60672K, reserved 1114112K
  class space    used 6849K, committed 7424K, reserved 1048576K
}
Event: 37.136 GC heap before
{Heap before GC invocations=420 (full 3):
 PSYoungGen      total 4096K, used 4080K [0x00000000d5580000, 0x00000000d5b00000, 0x0000000100000000)
  eden space 3584K, 100% used [0x00000000d5580000,0x00000000d5900000,0x00000000d5900000)
  from space 512K, 96% used [0x00000000d5a00000,0x00000000d5a7c000,0x00000000d5a80000)
  to   space 1024K, 0% used [0x00000000d5900000,0x00000000d5900000,0x00000000d5a00000)
 ParOldGen       total 338432K, used 338272K [0x0000000080000000, 0x0000000094a80000, 0x00000000d5580000)
  object space 338432K, 99% used [0x0000000080000000,0x0000000094a58340,0x0000000094a80000)
 Metaspace       used 59349K, committed 60672K, reserved 1114112K
  class space    used 6849K, committed 7424K, reserved 1048576K
}
Event: 37.138 GC heap after
{Heap after GC invocations=420 (full 3):
 PSYoungGen      total 4608K, used 422K [0x00000000d5580000, 0x00000000d5b00000, 0x0000000100000000)
  eden space 3584K, 0% used [0x00000000d5580000,0x00000000d5580000,0x00000000d5900000)
  from space 1024K, 41% used [0x00000000d5900000,0x00000000d5969800,0x00000000d5a00000)
  to   space 1024K, 0% used [0x00000000d5a00000,0x00000000d5a00000,0x00000000d5b00000)
 ParOldGen       total 338432K, used 338328K [0x0000000080000000, 0x0000000094a80000, 0x00000000d5580000)
  object space 338432K, 99% used [0x0000000080000000,0x0000000094a66350,0x0000000094a80000)
 Metaspace       used 59349K, committed 60672K, reserved 1114112K
  class space    used 6849K, committed 7424K, reserved 1048576K
}
Event: 38.034 GC heap before
{Heap before GC invocations=421 (full 3):
 PSYoungGen      total 4608K, used 4006K [0x00000000d5580000, 0x00000000d5b00000, 0x0000000100000000)
  eden space 3584K, 100% used [0x00000000d5580000,0x00000000d5900000,0x00000000d5900000)
  from space 1024K, 41% used [0x00000000d5900000,0x00000000d5969800,0x00000000d5a00000)
  to   space 1024K, 0% used [0x00000000d5a00000,0x00000000d5a00000,0x00000000d5b00000)
 ParOldGen       total 338432K, used 338328K [0x0000000080000000, 0x0000000094a80000, 0x00000000d5580000)
  object space 338432K, 99% used [0x0000000080000000,0x0000000094a66350,0x0000000094a80000)
 Metaspace       used 59372K, committed 60736K, reserved 1114112K
  class space    used 6851K, committed 7424K, reserved 1048576K
}
Event: 38.037 GC heap after
{Heap after GC invocations=421 (full 3):
 PSYoungGen      total 4096K, used 224K [0x00000000d5580000, 0x00000000d5a80000, 0x0000000100000000)
  eden space 3584K, 0% used [0x00000000d5580000,0x00000000d5580000,0x00000000d5900000)
  from space 512K, 43% used [0x00000000d5a00000,0x00000000d5a38000,0x00000000d5a80000)
  to   space 512K, 0% used [0x00000000d5980000,0x00000000d5980000,0x00000000d5a00000)
 ParOldGen       total 338944K, used 338658K [0x0000000080000000, 0x0000000094b00000, 0x00000000d5580000)
  object space 338944K, 99% used [0x0000000080000000,0x0000000094ab8bf8,0x0000000094b00000)
 Metaspace       used 59372K, committed 60736K, reserved 1114112K
  class space    used 6851K, committed 7424K, reserved 1048576K
}

