# JRE version: OpenJDK Runtime Environment Temurin-21.0.7+6 (21.0.7+6) (build 21.0.7+6-LTS)
# Java VM: OpenJDK 64-Bit Server VM Temurin-21.0.7+6 (21.0.7+6-LTS, mixed mode, sharing, tiered, compressed oops, compressed class ptrs, parallel gc, windows-amd64)
GC Precious Log:
 CardTable entry size: 512
 CPUs: 8 total, 8 available
 Memory: 6017M
 Large Page Support: Disabled
 NUMA Support: Disabled
 Compressed Oops: Enabled (32-bit)
 Alignments: Space 512K, Generation 512K, Heap 2M
 Heap Min Capacity: 100M
 Heap Initial Capacity: 100M
 Heap Max Capacity: 2G
 Pre-touch: Disabled
 Parallel Workers: 8
Heap:
 PSYoungGen      total 17920K, used 3321K [0x00000000d5580000, 0x00000000d6b00000, 0x0000000100000000)
  eden space 14336K, 0% used [0x00000000d5580000,0x00000000d5580000,0x00000000d6380000)
  from space 3584K, 92% used [0x00000000d6400000,0x00000000d673e778,0x00000000d6780000)
  to   space 3584K, 0% used [0x00000000d6780000,0x00000000d6780000,0x00000000d6b00000)
 ParOldGen       total 90624K, used 90398K [0x0000000080000000, 0x0000000085880000, 0x00000000d5580000)
  object space 90624K, 99% used [0x0000000080000000,0x0000000085847878,0x0000000085880000)
 Metaspace       used 53106K, committed 54400K, reserved 1114112K
  class space    used 5567K, committed 6144K, reserved 1048576K
GC Heap History (20 events):
Event: 25.155 GC heap after
{Heap after GC invocations=37 (full 2):
 PSYoungGen      total 19968K, used 3558K [0x00000000d5580000, 0x00000000d7380000, 0x0000000100000000)
  eden space 16384K, 0% used [0x00000000d5580000,0x00000000d5580000,0x00000000d6580000)
  from space 3584K, 99% used [0x00000000d6600000,0x00000000d6979b08,0x00000000d6980000)
  to   space 7168K, 0% used [0x00000000d6c80000,0x00000000d6c80000,0x00000000d7380000)
 ParOldGen       total 68608K, used 60732K [0x0000000080000000, 0x0000000084300000, 0x00000000d5580000)
  object space 68608K, 88% used [0x0000000080000000,0x0000000083b4f2f8,0x0000000084300000)
 Metaspace       used 51206K, committed 52416K, reserved 1114112K
  class space    used 5347K, committed 5888K, reserved 1048576K
}
Event: 25.735 GC heap before
{Heap before GC invocations=38 (full 2):
 PSYoungGen      total 19968K, used 19942K [0x00000000d5580000, 0x00000000d7380000, 0x0000000100000000)
  eden space 16384K, 100% used [0x00000000d5580000,0x00000000d6580000,0x00000000d6580000)
  from space 3584K, 99% used [0x00000000d6600000,0x00000000d6979b08,0x00000000d6980000)
  to   space 7168K, 0% used [0x00000000d6c80000,0x00000000d6c80000,0x00000000d7380000)
 ParOldGen       total 68608K, used 60732K [0x0000000080000000, 0x0000000084300000, 0x00000000d5580000)
  object space 68608K, 88% used [0x0000000080000000,0x0000000083b4f2f8,0x0000000084300000)
 Metaspace       used 51587K, committed 52800K, reserved 1114112K
  class space    used 5399K, committed 5952K, reserved 1048576K
}
Event: 25.741 GC heap after
{Heap after GC invocations=38 (full 2):
 PSYoungGen      total 19968K, used 3240K [0x00000000d5580000, 0x00000000d7000000, 0x0000000100000000)
  eden space 16384K, 0% used [0x00000000d5580000,0x00000000d5580000,0x00000000d6580000)
  from space 3584K, 90% used [0x00000000d6c80000,0x00000000d6faa390,0x00000000d7000000)
  to   space 4608K, 0% used [0x00000000d6700000,0x00000000d6700000,0x00000000d6b80000)
 ParOldGen       total 68608K, used 64137K [0x0000000080000000, 0x0000000084300000, 0x00000000d5580000)
  object space 68608K, 93% used [0x0000000080000000,0x0000000083ea2598,0x0000000084300000)
 Metaspace       used 51587K, committed 52800K, reserved 1114112K
  class space    used 5399K, committed 5952K, reserved 1048576K
}
Event: 26.180 GC heap before
{Heap before GC invocations=39 (full 2):
 PSYoungGen      total 19968K, used 19624K [0x00000000d5580000, 0x00000000d7000000, 0x0000000100000000)
  eden space 16384K, 100% used [0x00000000d5580000,0x00000000d6580000,0x00000000d6580000)
  from space 3584K, 90% used [0x00000000d6c80000,0x00000000d6faa390,0x00000000d7000000)
  to   space 4608K, 0% used [0x00000000d6700000,0x00000000d6700000,0x00000000d6b80000)
 ParOldGen       total 68608K, used 64137K [0x0000000080000000, 0x0000000084300000, 0x00000000d5580000)
  object space 68608K, 93% used [0x0000000080000000,0x0000000083ea2598,0x0000000084300000)
 Metaspace       used 51722K, committed 52992K, reserved 1114112K
  class space    used 5434K, committed 6016K, reserved 1048576K
}
Event: 26.185 GC heap after
{Heap after GC invocations=39 (full 2):
 PSYoungGen      total 18944K, used 2397K [0x00000000d5580000, 0x00000000d6d00000, 0x0000000100000000)
  eden space 16384K, 0% used [0x00000000d5580000,0x00000000d5580000,0x00000000d6580000)
  from space 2560K, 93% used [0x00000000d6700000,0x00000000d69577f8,0x00000000d6980000)
  to   space 3072K, 0% used [0x00000000d6a00000,0x00000000d6a00000,0x00000000d6d00000)
 ParOldGen       total 68608K, used 67150K [0x0000000080000000, 0x0000000084300000, 0x00000000d5580000)
  object space 68608K, 97% used [0x0000000080000000,0x0000000084193818,0x0000000084300000)
 Metaspace       used 51722K, committed 52992K, reserved 1114112K
  class space    used 5434K, committed 6016K, reserved 1048576K
}
Event: 26.666 GC heap before
{Heap before GC invocations=40 (full 2):
 PSYoungGen      total 18944K, used 18781K [0x00000000d5580000, 0x00000000d6d00000, 0x0000000100000000)
  eden space 16384K, 100% used [0x00000000d5580000,0x00000000d6580000,0x00000000d6580000)
  from space 2560K, 93% used [0x00000000d6700000,0x00000000d69577f8,0x00000000d6980000)
  to   space 3072K, 0% used [0x00000000d6a00000,0x00000000d6a00000,0x00000000d6d00000)
 ParOldGen       total 68608K, used 67150K [0x0000000080000000, 0x0000000084300000, 0x00000000d5580000)
  object space 68608K, 97% used [0x0000000080000000,0x0000000084193818,0x0000000084300000)
 Metaspace       used 51873K, committed 53120K, reserved 1114112K
  class space    used 5460K, committed 6016K, reserved 1048576K
}
Event: 26.678 GC heap after
{Heap after GC invocations=40 (full 2):
 PSYoungGen      total 19456K, used 2819K [0x00000000d5580000, 0x00000000d6d00000, 0x0000000100000000)
  eden space 16384K, 0% used [0x00000000d5580000,0x00000000d5580000,0x00000000d6580000)
  from space 3072K, 91% used [0x00000000d6a00000,0x00000000d6cc0fc0,0x00000000d6d00000)
  to   space 3072K, 0% used [0x00000000d6700000,0x00000000d6700000,0x00000000d6a00000)
 ParOldGen       total 69632K, used 69418K [0x0000000080000000, 0x0000000084400000, 0x00000000d5580000)
  object space 69632K, 99% used [0x0000000080000000,0x00000000843ca970,0x0000000084400000)
 Metaspace       used 51873K, committed 53120K, reserved 1114112K
  class space    used 5460K, committed 6016K, reserved 1048576K
}
Event: 26.860 GC heap before
{Heap before GC invocations=41 (full 2):
 PSYoungGen      total 19456K, used 19203K [0x00000000d5580000, 0x00000000d6d00000, 0x0000000100000000)
  eden space 16384K, 100% used [0x00000000d5580000,0x00000000d6580000,0x00000000d6580000)
  from space 3072K, 91% used [0x00000000d6a00000,0x00000000d6cc0fc0,0x00000000d6d00000)
  to   space 3072K, 0% used [0x00000000d6700000,0x00000000d6700000,0x00000000d6a00000)
 ParOldGen       total 69632K, used 69418K [0x0000000080000000, 0x0000000084400000, 0x00000000d5580000)
  object space 69632K, 99% used [0x0000000080000000,0x00000000843ca970,0x0000000084400000)
 Metaspace       used 52047K, committed 53312K, reserved 1114112K
  class space    used 5468K, committed 6016K, reserved 1048576K
}
Event: 26.864 GC heap after
{Heap after GC invocations=41 (full 2):
 PSYoungGen      total 19456K, used 3042K [0x00000000d5580000, 0x00000000d7280000, 0x0000000100000000)
  eden space 16384K, 0% used [0x00000000d5580000,0x00000000d5580000,0x00000000d6580000)
  from space 3072K, 99% used [0x00000000d6700000,0x00000000d69f89a0,0x00000000d6a00000)
  to   space 6656K, 0% used [0x00000000d6c00000,0x00000000d6c00000,0x00000000d7280000)
 ParOldGen       total 72704K, used 72249K [0x0000000080000000, 0x0000000084700000, 0x00000000d5580000)
  object space 72704K, 99% used [0x0000000080000000,0x000000008468e718,0x0000000084700000)
 Metaspace       used 52047K, committed 53312K, reserved 1114112K
  class space    used 5468K, committed 6016K, reserved 1048576K
}
Event: 27.027 GC heap before
{Heap before GC invocations=42 (full 2):
 PSYoungGen      total 19456K, used 19426K [0x00000000d5580000, 0x00000000d7280000, 0x0000000100000000)
  eden space 16384K, 100% used [0x00000000d5580000,0x00000000d6580000,0x00000000d6580000)
  from space 3072K, 99% used [0x00000000d6700000,0x00000000d69f89a0,0x00000000d6a00000)
  to   space 6656K, 0% used [0x00000000d6c00000,0x00000000d6c00000,0x00000000d7280000)
 ParOldGen       total 72704K, used 72249K [0x0000000080000000, 0x0000000084700000, 0x00000000d5580000)
  object space 72704K, 99% used [0x0000000080000000,0x000000008468e718,0x0000000084700000)
 Metaspace       used 52280K, committed 53568K, reserved 1114112K
  class space    used 5485K, committed 6080K, reserved 1048576K
}
Event: 27.033 GC heap after
{Heap after GC invocations=42 (full 2):
 PSYoungGen      total 20480K, used 3740K [0x00000000d5580000, 0x00000000d7000000, 0x0000000100000000)
  eden space 16384K, 0% used [0x00000000d5580000,0x00000000d5580000,0x00000000d6580000)
  from space 4096K, 91% used [0x00000000d6c00000,0x00000000d6fa7008,0x00000000d7000000)
  to   space 4608K, 0% used [0x00000000d6700000,0x00000000d6700000,0x00000000d6b80000)
 ParOldGen       total 75264K, used 75182K [0x0000000080000000, 0x0000000084980000, 0x00000000d5580000)
  object space 75264K, 99% used [0x0000000080000000,0x000000008496b8d0,0x0000000084980000)
 Metaspace       used 52280K, committed 53568K, reserved 1114112K
  class space    used 5485K, committed 6080K, reserved 1048576K
}
Event: 27.160 GC heap before
{Heap before GC invocations=43 (full 2):
 PSYoungGen      total 20480K, used 20124K [0x00000000d5580000, 0x00000000d7000000, 0x0000000100000000)
  eden space 16384K, 100% used [0x00000000d5580000,0x00000000d6580000,0x00000000d6580000)
  from space 4096K, 91% used [0x00000000d6c00000,0x00000000d6fa7008,0x00000000d7000000)
  to   space 4608K, 0% used [0x00000000d6700000,0x00000000d6700000,0x00000000d6b80000)
 ParOldGen       total 75264K, used 75182K [0x0000000080000000, 0x0000000084980000, 0x00000000d5580000)
  object space 75264K, 99% used [0x0000000080000000,0x000000008496b8d0,0x0000000084980000)
 Metaspace       used 52405K, committed 53696K, reserved 1114112K
  class space    used 5508K, committed 6080K, reserved 1048576K
}
Event: 27.166 GC heap after
{Heap after GC invocations=43 (full 2):
 PSYoungGen      total 19456K, used 2974K [0x00000000d5580000, 0x00000000d6c80000, 0x0000000100000000)
  eden space 16384K, 0% used [0x00000000d5580000,0x00000000d5580000,0x00000000d6580000)
  from space 3072K, 96% used [0x00000000d6700000,0x00000000d69e7a58,0x00000000d6a00000)
  to   space 2560K, 0% used [0x00000000d6a00000,0x00000000d6a00000,0x00000000d6c80000)
 ParOldGen       total 78848K, used 78714K [0x0000000080000000, 0x0000000084d00000, 0x00000000d5580000)
  object space 78848K, 99% used [0x0000000080000000,0x0000000084cdea08,0x0000000084d00000)
 Metaspace       used 52405K, committed 53696K, reserved 1114112K
  class space    used 5508K, committed 6080K, reserved 1048576K
}
Event: 27.424 GC heap before
{Heap before GC invocations=44 (full 2):
 PSYoungGen      total 19456K, used 19358K [0x00000000d5580000, 0x00000000d6c80000, 0x0000000100000000)
  eden space 16384K, 100% used [0x00000000d5580000,0x00000000d6580000,0x00000000d6580000)
  from space 3072K, 96% used [0x00000000d6700000,0x00000000d69e7a58,0x00000000d6a00000)
  to   space 2560K, 0% used [0x00000000d6a00000,0x00000000d6a00000,0x00000000d6c80000)
 ParOldGen       total 78848K, used 78714K [0x0000000080000000, 0x0000000084d00000, 0x00000000d5580000)
  object space 78848K, 99% used [0x0000000080000000,0x0000000084cdea08,0x0000000084d00000)
 Metaspace       used 52660K, committed 53952K, reserved 1114112K
  class space    used 5531K, committed 6144K, reserved 1048576K
}
Event: 27.430 GC heap after
{Heap after GC invocations=44 (full 2):
 PSYoungGen      total 16896K, used 2529K [0x00000000d5580000, 0x00000000d7280000, 0x0000000100000000)
  eden space 14336K, 0% used [0x00000000d5580000,0x00000000d5580000,0x00000000d6380000)
  from space 2560K, 98% used [0x00000000d6a00000,0x00000000d6c78728,0x00000000d6c80000)
  to   space 6656K, 0% used [0x00000000d6380000,0x00000000d6380000,0x00000000d6a00000)
 ParOldGen       total 82432K, used 81997K [0x0000000080000000, 0x0000000085080000, 0x00000000d5580000)
  object space 82432K, 99% used [0x0000000080000000,0x00000000850136b0,0x0000000085080000)
 Metaspace       used 52660K, committed 53952K, reserved 1114112K
  class space    used 5531K, committed 6144K, reserved 1048576K
}
Event: 27.642 GC heap before
{Heap before GC invocations=45 (full 2):
 PSYoungGen      total 16896K, used 16865K [0x00000000d5580000, 0x00000000d7280000, 0x0000000100000000)
  eden space 14336K, 100% used [0x00000000d5580000,0x00000000d6380000,0x00000000d6380000)
  from space 2560K, 98% used [0x00000000d6a00000,0x00000000d6c78728,0x00000000d6c80000)
  to   space 6656K, 0% used [0x00000000d6380000,0x00000000d6380000,0x00000000d6a00000)
 ParOldGen       total 82432K, used 81997K [0x0000000080000000, 0x0000000085080000, 0x00000000d5580000)
  object space 82432K, 99% used [0x0000000080000000,0x00000000850136b0,0x0000000085080000)
 Metaspace       used 52743K, committed 54080K, reserved 1114112K
  class space    used 5544K, committed 6144K, reserved 1048576K
}
Event: 27.647 GC heap after
{Heap after GC invocations=45 (full 2):
 PSYoungGen      total 17408K, used 2962K [0x00000000d5580000, 0x00000000d6b80000, 0x0000000100000000)
  eden space 14336K, 0% used [0x00000000d5580000,0x00000000d5580000,0x00000000d6380000)
  from space 3072K, 96% used [0x00000000d6380000,0x00000000d6664868,0x00000000d6680000)
  to   space 4096K, 0% used [0x00000000d6780000,0x00000000d6780000,0x00000000d6b80000)
 ParOldGen       total 84992K, used 84515K [0x0000000080000000, 0x0000000085300000, 0x00000000d5580000)
  object space 84992K, 99% used [0x0000000080000000,0x0000000085288f38,0x0000000085300000)
 Metaspace       used 52743K, committed 54080K, reserved 1114112K
  class space    used 5544K, committed 6144K, reserved 1048576K
}
Event: 27.841 GC heap before
{Heap before GC invocations=46 (full 2):
 PSYoungGen      total 17408K, used 17298K [0x00000000d5580000, 0x00000000d6b80000, 0x0000000100000000)
  eden space 14336K, 100% used [0x00000000d5580000,0x00000000d6380000,0x00000000d6380000)
  from space 3072K, 96% used [0x00000000d6380000,0x00000000d6664868,0x00000000d6680000)
  to   space 4096K, 0% used [0x00000000d6780000,0x00000000d6780000,0x00000000d6b80000)
 ParOldGen       total 84992K, used 84515K [0x0000000080000000, 0x0000000085300000, 0x00000000d5580000)
  object space 84992K, 99% used [0x0000000080000000,0x0000000085288f38,0x0000000085300000)
 Metaspace       used 53071K, committed 54336K, reserved 1114112K
  class space    used 5563K, committed 6144K, reserved 1048576K
}
Event: 27.847 GC heap after
{Heap after GC invocations=46 (full 2):
 PSYoungGen      total 17920K, used 3335K [0x00000000d5580000, 0x00000000d6b00000, 0x0000000100000000)
  eden space 14336K, 0% used [0x00000000d5580000,0x00000000d5580000,0x00000000d6380000)
  from space 3584K, 93% used [0x00000000d6780000,0x00000000d6ac1c98,0x00000000d6b00000)
  to   space 3584K, 0% used [0x00000000d6400000,0x00000000d6400000,0x00000000d6780000)
 ParOldGen       total 87552K, used 87255K [0x0000000080000000, 0x0000000085580000, 0x00000000d5580000)
  object space 87552K, 99% used [0x0000000080000000,0x0000000085535e68,0x0000000085580000)
 Metaspace       used 53071K, committed 54336K, reserved 1114112K
  class space    used 5563K, committed 6144K, reserved 1048576K
}
Event: 27.985 GC heap before
{Heap before GC invocations=47 (full 2):
 PSYoungGen      total 17920K, used 17671K [0x00000000d5580000, 0x00000000d6b00000, 0x0000000100000000)
  eden space 14336K, 100% used [0x00000000d5580000,0x00000000d6380000,0x00000000d6380000)
  from space 3584K, 93% used [0x00000000d6780000,0x00000000d6ac1c98,0x00000000d6b00000)
  to   space 3584K, 0% used [0x00000000d6400000,0x00000000d6400000,0x00000000d6780000)
 ParOldGen       total 87552K, used 87255K [0x0000000080000000, 0x0000000085580000, 0x00000000d5580000)
  object space 87552K, 99% used [0x0000000080000000,0x0000000085535e68,0x0000000085580000)
 Metaspace       used 53106K, committed 54400K, reserved 1114112K
  class space    used 5567K, committed 6144K, reserved 1048576K
}

