# JRE version: OpenJDK Runtime Environment Temurin-21.0.8+9 (21.0.8+9) (build 21.0.8+9-LTS)
# Java VM: OpenJDK 64-Bit Server VM Temurin-21.0.8+9 (21.0.8+9-LTS, mixed mode, sharing, tiered, compressed oops, compressed class ptrs, parallel gc, windows-amd64)
GC Precious Log:
 CardTable entry size: 512
 CPUs: 8 total, 8 available
 Memory: 6017M
 Large Page Support: Disabled
 NUMA Support: Disabled
 Compressed Oops: Enabled (32-bit)
 Alignments: Space 512K, Generation 512K, Heap 2M
 Heap Min Capacity: 100M
 Heap Initial Capacity: 100M
 Heap Max Capacity: 2G
 Pre-touch: Disabled
 Parallel Workers: 8
Heap:
 PSYoungGen      total 3584K, used 2246K [0x00000000d5580000, 0x00000000d5c00000, 0x0000000100000000)
  eden space 3072K, 66% used [0x00000000d5580000,0x00000000d57819a0,0x00000000d5880000)
  from space 512K, 37% used [0x00000000d5b00000,0x00000000d5b30000,0x00000000d5b80000)
  to   space 512K, 0% used [0x00000000d5b80000,0x00000000d5b80000,0x00000000d5c00000)
 ParOldGen       total 380416K, used 380266K [0x0000000080000000, 0x0000000097380000, 0x00000000d5580000)
  object space 380416K, 99% used [0x0000000080000000,0x000000009735a8c8,0x0000000097380000)
 Metaspace       used 72135K, committed 73664K, reserved 1114112K
  class space    used 7863K, committed 8512K, reserved 1048576K
GC Heap History (20 events):
Event: 510.955 GC heap before
{Heap before GC invocations=4343 (full 5):
 PSYoungGen      total 2560K, used 2105K [0x00000000d5580000, 0x00000000d6300000, 0x0000000100000000)
  eden space 1024K, 97% used [0x00000000d5580000,0x00000000d5678948,0x00000000d5680000)
  from space 1536K, 72% used [0x00000000d5680000,0x00000000d5795e18,0x00000000d5800000)
  to   space 5120K, 0% used [0x00000000d5e00000,0x00000000d5e00000,0x00000000d6300000)
 ParOldGen       total 374784K, used 373995K [0x0000000080000000, 0x0000000096e00000, 0x00000000d5580000)
  object space 374784K, 99% used [0x0000000080000000,0x0000000096d3af30,0x0000000096e00000)
 Metaspace       used 72046K, committed 73536K, reserved 1114112K
  class space    used 7859K, committed 8512K, reserved 1048576K
}
Event: 510.963 GC heap after
{Heap after GC invocations=4343 (full 5):
 PSYoungGen      total 2048K, used 336K [0x00000000d5580000, 0x00000000d5e80000, 0x0000000100000000)
  eden space 1536K, 0% used [0x00000000d5580000,0x00000000d5580000,0x00000000d5700000)
  from space 512K, 65% used [0x00000000d5e00000,0x00000000d5e54008,0x00000000d5e80000)
  to   space 1536K, 0% used [0x00000000d5b80000,0x00000000d5b80000,0x00000000d5d00000)
 ParOldGen       total 375296K, used 375019K [0x0000000080000000, 0x0000000096e80000, 0x00000000d5580000)
  object space 375296K, 99% used [0x0000000080000000,0x0000000096e3ad48,0x0000000096e80000)
 Metaspace       used 72046K, committed 73536K, reserved 1114112K
  class space    used 7859K, committed 8512K, reserved 1048576K
}
Event: 511.164 GC heap before
{Heap before GC invocations=4344 (full 5):
 PSYoungGen      total 2048K, used 1872K [0x00000000d5580000, 0x00000000d5e80000, 0x0000000100000000)
  eden space 1536K, 100% used [0x00000000d5580000,0x00000000d5700000,0x00000000d5700000)
  from space 512K, 65% used [0x00000000d5e00000,0x00000000d5e54008,0x00000000d5e80000)
  to   space 1536K, 0% used [0x00000000d5b80000,0x00000000d5b80000,0x00000000d5d00000)
 ParOldGen       total 375296K, used 375019K [0x0000000080000000, 0x0000000096e80000, 0x00000000d5580000)
  object space 375296K, 99% used [0x0000000080000000,0x0000000096e3ad48,0x0000000096e80000)
 Metaspace       used 72046K, committed 73536K, reserved 1114112K
  class space    used 7859K, committed 8512K, reserved 1048576K
}
Event: 511.168 GC heap after
{Heap after GC invocations=4344 (full 5):
 PSYoungGen      total 3584K, used 768K [0x00000000d5580000, 0x00000000d5e80000, 0x0000000100000000)
  eden space 2048K, 0% used [0x00000000d5580000,0x00000000d5580000,0x00000000d5780000)
  from space 1536K, 50% used [0x00000000d5b80000,0x00000000d5c40008,0x00000000d5d00000)
  to   space 1024K, 0% used [0x00000000d5d80000,0x00000000d5d80000,0x00000000d5e80000)
 ParOldGen       total 375296K, used 375155K [0x0000000080000000, 0x0000000096e80000, 0x00000000d5580000)
  object space 375296K, 99% used [0x0000000080000000,0x0000000096e5cd48,0x0000000096e80000)
 Metaspace       used 72046K, committed 73536K, reserved 1114112K
  class space    used 7859K, committed 8512K, reserved 1048576K
}
Event: 511.182 GC heap before
{Heap before GC invocations=4345 (full 5):
 PSYoungGen      total 3584K, used 2816K [0x00000000d5580000, 0x00000000d5e80000, 0x0000000100000000)
  eden space 2048K, 100% used [0x00000000d5580000,0x00000000d5780000,0x00000000d5780000)
  from space 1536K, 50% used [0x00000000d5b80000,0x00000000d5c40008,0x00000000d5d00000)
  to   space 1024K, 0% used [0x00000000d5d80000,0x00000000d5d80000,0x00000000d5e80000)
 ParOldGen       total 375296K, used 375155K [0x0000000080000000, 0x0000000096e80000, 0x00000000d5580000)
  object space 375296K, 99% used [0x0000000080000000,0x0000000096e5cd48,0x0000000096e80000)
 Metaspace       used 72046K, committed 73536K, reserved 1114112K
  class space    used 7859K, committed 8512K, reserved 1048576K
}
Event: 511.187 GC heap after
{Heap after GC invocations=4345 (full 5):
 PSYoungGen      total 3584K, used 1013K [0x00000000d5580000, 0x00000000d5e80000, 0x0000000100000000)
  eden space 2560K, 0% used [0x00000000d5580000,0x00000000d5580000,0x00000000d5800000)
  from space 1024K, 98% used [0x00000000d5d80000,0x00000000d5e7d700,0x00000000d5e80000)
  to   space 3072K, 0% used [0x00000000d5880000,0x00000000d5880000,0x00000000d5b80000)
 ParOldGen       total 376832K, used 376675K [0x0000000080000000, 0x0000000097000000, 0x00000000d5580000)
  object space 376832K, 99% used [0x0000000080000000,0x0000000096fd8f68,0x0000000097000000)
 Metaspace       used 72046K, committed 73536K, reserved 1114112K
  class space    used 7859K, committed 8512K, reserved 1048576K
}
Event: 511.374 GC heap before
{Heap before GC invocations=4346 (full 5):
 PSYoungGen      total 3584K, used 3573K [0x00000000d5580000, 0x00000000d5e80000, 0x0000000100000000)
  eden space 2560K, 100% used [0x00000000d5580000,0x00000000d5800000,0x00000000d5800000)
  from space 1024K, 98% used [0x00000000d5d80000,0x00000000d5e7d700,0x00000000d5e80000)
  to   space 3072K, 0% used [0x00000000d5880000,0x00000000d5880000,0x00000000d5b80000)
 ParOldGen       total 376832K, used 376675K [0x0000000080000000, 0x0000000097000000, 0x00000000d5580000)
  object space 376832K, 99% used [0x0000000080000000,0x0000000096fd8f68,0x0000000097000000)
 Metaspace       used 72046K, committed 73536K, reserved 1114112K
  class space    used 7859K, committed 8512K, reserved 1048576K
}
Event: 511.380 GC heap after
{Heap after GC invocations=4346 (full 5):
 PSYoungGen      total 6144K, used 1710K [0x00000000d5580000, 0x00000000d5e00000, 0x0000000100000000)
  eden space 3072K, 0% used [0x00000000d5580000,0x00000000d5580000,0x00000000d5880000)
  from space 3072K, 55% used [0x00000000d5880000,0x00000000d5a2bb58,0x00000000d5b80000)
  to   space 2048K, 0% used [0x00000000d5c00000,0x00000000d5c00000,0x00000000d5e00000)
 ParOldGen       total 377856K, used 377578K [0x0000000080000000, 0x0000000097100000, 0x00000000d5580000)
  object space 377856K, 99% used [0x0000000080000000,0x00000000970bab00,0x0000000097100000)
 Metaspace       used 72046K, committed 73536K, reserved 1114112K
  class space    used 7859K, committed 8512K, reserved 1048576K
}
Event: 511.496 GC heap before
{Heap before GC invocations=4347 (full 5):
 PSYoungGen      total 6144K, used 4782K [0x00000000d5580000, 0x00000000d5e00000, 0x0000000100000000)
  eden space 3072K, 100% used [0x00000000d5580000,0x00000000d5880000,0x00000000d5880000)
  from space 3072K, 55% used [0x00000000d5880000,0x00000000d5a2bb58,0x00000000d5b80000)
  to   space 2048K, 0% used [0x00000000d5c00000,0x00000000d5c00000,0x00000000d5e00000)
 ParOldGen       total 377856K, used 377578K [0x0000000080000000, 0x0000000097100000, 0x00000000d5580000)
  object space 377856K, 99% used [0x0000000080000000,0x00000000970bab00,0x0000000097100000)
 Metaspace       used 72046K, committed 73536K, reserved 1114112K
  class space    used 7859K, committed 8512K, reserved 1048576K
}
Event: 511.500 GC heap after
{Heap after GC invocations=4347 (full 5):
 PSYoungGen      total 4096K, used 850K [0x00000000d5580000, 0x00000000d5d00000, 0x0000000100000000)
  eden space 3072K, 0% used [0x00000000d5580000,0x00000000d5580000,0x00000000d5880000)
  from space 1024K, 83% used [0x00000000d5c00000,0x00000000d5cd4808,0x00000000d5d00000)
  to   space 1536K, 0% used [0x00000000d5a00000,0x00000000d5a00000,0x00000000d5b80000)
 ParOldGen       total 379392K, used 378903K [0x0000000080000000, 0x0000000097280000, 0x00000000d5580000)
  object space 379392K, 99% used [0x0000000080000000,0x0000000097205d58,0x0000000097280000)
 Metaspace       used 72046K, committed 73536K, reserved 1114112K
  class space    used 7859K, committed 8512K, reserved 1048576K
}
Event: 511.785 GC heap before
{Heap before GC invocations=4348 (full 5):
 PSYoungGen      total 4096K, used 3921K [0x00000000d5580000, 0x00000000d5d00000, 0x0000000100000000)
  eden space 3072K, 99% used [0x00000000d5580000,0x00000000d587ffe8,0x00000000d5880000)
  from space 1024K, 83% used [0x00000000d5c00000,0x00000000d5cd4808,0x00000000d5d00000)
  to   space 1536K, 0% used [0x00000000d5a00000,0x00000000d5a00000,0x00000000d5b80000)
 ParOldGen       total 379392K, used 378903K [0x0000000080000000, 0x0000000097280000, 0x00000000d5580000)
  object space 379392K, 99% used [0x0000000080000000,0x0000000097205d58,0x0000000097280000)
 Metaspace       used 72068K, committed 73600K, reserved 1114112K
  class space    used 7863K, committed 8512K, reserved 1048576K
}
Event: 511.793 GC heap after
{Heap after GC invocations=4348 (full 5):
 PSYoungGen      total 4608K, used 902K [0x00000000d5580000, 0x00000000d5c80000, 0x0000000100000000)
  eden space 3072K, 0% used [0x00000000d5580000,0x00000000d5580000,0x00000000d5880000)
  from space 1536K, 58% used [0x00000000d5a00000,0x00000000d5ae1848,0x00000000d5b80000)
  to   space 1024K, 0% used [0x00000000d5b80000,0x00000000d5b80000,0x00000000d5c80000)
 ParOldGen       total 379904K, used 379450K [0x0000000080000000, 0x0000000097300000, 0x00000000d5580000)
  object space 379904K, 99% used [0x0000000080000000,0x000000009728eb50,0x0000000097300000)
 Metaspace       used 72068K, committed 73600K, reserved 1114112K
  class space    used 7863K, committed 8512K, reserved 1048576K
}
Event: 512.035 GC heap before
{Heap before GC invocations=4349 (full 5):
 PSYoungGen      total 4608K, used 3974K [0x00000000d5580000, 0x00000000d5c80000, 0x0000000100000000)
  eden space 3072K, 100% used [0x00000000d5580000,0x00000000d5880000,0x00000000d5880000)
  from space 1536K, 58% used [0x00000000d5a00000,0x00000000d5ae1848,0x00000000d5b80000)
  to   space 1024K, 0% used [0x00000000d5b80000,0x00000000d5b80000,0x00000000d5c80000)
 ParOldGen       total 379904K, used 379450K [0x0000000080000000, 0x0000000097300000, 0x00000000d5580000)
  object space 379904K, 99% used [0x0000000080000000,0x000000009728eb50,0x0000000097300000)
 Metaspace       used 72078K, committed 73600K, reserved 1114112K
  class space    used 7863K, committed 8512K, reserved 1048576K
}
Event: 512.039 GC heap after
{Heap after GC invocations=4349 (full 5):
 PSYoungGen      total 3584K, used 192K [0x00000000d5580000, 0x00000000d5c00000, 0x0000000100000000)
  eden space 3072K, 0% used [0x00000000d5580000,0x00000000d5580000,0x00000000d5880000)
  from space 512K, 37% used [0x00000000d5b80000,0x00000000d5bb0000,0x00000000d5c00000)
  to   space 512K, 0% used [0x00000000d5b00000,0x00000000d5b00000,0x00000000d5b80000)
 ParOldGen       total 380416K, used 380170K [0x0000000080000000, 0x0000000097380000, 0x00000000d5580000)
  object space 380416K, 99% used [0x0000000080000000,0x00000000973428c8,0x0000000097380000)
 Metaspace       used 72078K, committed 73600K, reserved 1114112K
  class space    used 7863K, committed 8512K, reserved 1048576K
}
Event: 1003.303 GC heap before
{Heap before GC invocations=4350 (full 5):
 PSYoungGen      total 3584K, used 3264K [0x00000000d5580000, 0x00000000d5c00000, 0x0000000100000000)
  eden space 3072K, 100% used [0x00000000d5580000,0x00000000d5880000,0x00000000d5880000)
  from space 512K, 37% used [0x00000000d5b80000,0x00000000d5bb0000,0x00000000d5c00000)
  to   space 512K, 0% used [0x00000000d5b00000,0x00000000d5b00000,0x00000000d5b80000)
 ParOldGen       total 380416K, used 380170K [0x0000000080000000, 0x0000000097380000, 0x00000000d5580000)
  object space 380416K, 99% used [0x0000000080000000,0x00000000973428c8,0x0000000097380000)
 Metaspace       used 72084K, committed 73600K, reserved 1114112K
  class space    used 7863K, committed 8512K, reserved 1048576K
}
Event: 1003.575 GC heap after
{Heap after GC invocations=4350 (full 5):
 PSYoungGen      total 3584K, used 224K [0x00000000d5580000, 0x00000000d5c00000, 0x0000000100000000)
  eden space 3072K, 0% used [0x00000000d5580000,0x00000000d5580000,0x00000000d5880000)
  from space 512K, 43% used [0x00000000d5b00000,0x00000000d5b38000,0x00000000d5b80000)
  to   space 512K, 0% used [0x00000000d5b80000,0x00000000d5b80000,0x00000000d5c00000)
 ParOldGen       total 380416K, used 380202K [0x0000000080000000, 0x0000000097380000, 0x00000000d5580000)
  object space 380416K, 99% used [0x0000000080000000,0x000000009734a8c8,0x0000000097380000)
 Metaspace       used 72084K, committed 73600K, reserved 1114112K
  class space    used 7863K, committed 8512K, reserved 1048576K
}
Event: 2460.742 GC heap before
{Heap before GC invocations=4351 (full 5):
 PSYoungGen      total 3584K, used 3295K [0x00000000d5580000, 0x00000000d5c00000, 0x0000000100000000)
  eden space 3072K, 99% used [0x00000000d5580000,0x00000000d587ffd8,0x00000000d5880000)
  from space 512K, 43% used [0x00000000d5b00000,0x00000000d5b38000,0x00000000d5b80000)
  to   space 512K, 0% used [0x00000000d5b80000,0x00000000d5b80000,0x00000000d5c00000)
 ParOldGen       total 380416K, used 380202K [0x0000000080000000, 0x0000000097380000, 0x00000000d5580000)
  object space 380416K, 99% used [0x0000000080000000,0x000000009734a8c8,0x0000000097380000)
 Metaspace       used 72097K, committed 73600K, reserved 1114112K
  class space    used 7863K, committed 8512K, reserved 1048576K
}
Event: 2460.911 GC heap after
{Heap after GC invocations=4351 (full 5):
 PSYoungGen      total 3584K, used 192K [0x00000000d5580000, 0x00000000d5c00000, 0x0000000100000000)
  eden space 3072K, 0% used [0x00000000d5580000,0x00000000d5580000,0x00000000d5880000)
  from space 512K, 37% used [0x00000000d5b80000,0x00000000d5bb0000,0x00000000d5c00000)
  to   space 512K, 0% used [0x00000000d5b00000,0x00000000d5b00000,0x00000000d5b80000)
 ParOldGen       total 380416K, used 380258K [0x0000000080000000, 0x0000000097380000, 0x00000000d5580000)
  object space 380416K, 99% used [0x0000000080000000,0x00000000973588c8,0x0000000097380000)
 Metaspace       used 72097K, committed 73600K, reserved 1114112K
  class space    used 7863K, committed 8512K, reserved 1048576K
}
Event: 4267.461 GC heap before
{Heap before GC invocations=4352 (full 5):
 PSYoungGen      total 3584K, used 3264K [0x00000000d5580000, 0x00000000d5c00000, 0x0000000100000000)
  eden space 3072K, 100% used [0x00000000d5580000,0x00000000d5880000,0x00000000d5880000)
  from space 512K, 37% used [0x00000000d5b80000,0x00000000d5bb0000,0x00000000d5c00000)
  to   space 512K, 0% used [0x00000000d5b00000,0x00000000d5b00000,0x00000000d5b80000)
 ParOldGen       total 380416K, used 380258K [0x0000000080000000, 0x0000000097380000, 0x00000000d5580000)
  object space 380416K, 99% used [0x0000000080000000,0x00000000973588c8,0x0000000097380000)
 Metaspace       used 72121K, committed 73664K, reserved 1114112K
  class space    used 7863K, committed 8512K, reserved 1048576K
}
Event: 4267.734 GC heap after
{Heap after GC invocations=4352 (full 5):
 PSYoungGen      total 3584K, used 192K [0x00000000d5580000, 0x00000000d5c00000, 0x0000000100000000)
  eden space 3072K, 0% used [0x00000000d5580000,0x00000000d5580000,0x00000000d5880000)
  from space 512K, 37% used [0x00000000d5b00000,0x00000000d5b30000,0x00000000d5b80000)
  to   space 512K, 0% used [0x00000000d5b80000,0x00000000d5b80000,0x00000000d5c00000)
 ParOldGen       total 380416K, used 380266K [0x0000000080000000, 0x0000000097380000, 0x00000000d5580000)
  object space 380416K, 99% used [0x0000000080000000,0x000000009735a8c8,0x0000000097380000)
 Metaspace       used 72121K, committed 73664K, reserved 1114112K
  class space    used 7863K, committed 8512K, reserved 1048576K
}

