# JRE version: OpenJDK Runtime Environment Temurin-21.0.7+6 (21.0.7+6) (build 21.0.7+6-LTS)
# Java VM: OpenJDK 64-Bit Server VM Temurin-21.0.7+6 (21.0.7+6-LTS, mixed mode, sharing, tiered, compressed oops, compressed class ptrs, parallel gc, windows-amd64)
GC Precious Log:
 CardTable entry size: 512
 CPUs: 8 total, 8 available
 Memory: 6017M
 Large Page Support: Disabled
 NUMA Support: Disabled
 Compressed Oops: Enabled (32-bit)
 Alignments: Space 512K, Generation 512K, Heap 2M
 Heap Min Capacity: 100M
 Heap Initial Capacity: 100M
 Heap Max Capacity: 2G
 Pre-touch: Disabled
 Parallel Workers: 8
Heap:
 PSYoungGen      total 3072K, used 2199K [0x00000000d5580000, 0x00000000d5980000, 0x0000000100000000)
  eden space 2048K, 77% used [0x00000000d5580000,0x00000000d570c998,0x00000000d5780000)
  from space 1024K, 59% used [0x00000000d5880000,0x00000000d59192f0,0x00000000d5980000)
  to   space 1024K, 35% used [0x00000000d5780000,0x00000000d57da138,0x00000000d5880000)
 ParOldGen       total 293376K, used 293374K [0x0000000080000000, 0x0000000091e80000, 0x00000000d5580000)
  object space 293376K, 99% used [0x0000000080000000,0x0000000091e7fbb8,0x0000000091e80000)
 Metaspace       used 63248K, committed 64576K, reserved 1114112K
  class space    used 6667K, committed 7296K, reserved 1048576K
GC Heap History (20 events):
Event: 33.164 GC heap after
{Heap after GC invocations=341 (full 3):
 PSYoungGen      total 2048K, used 480K [0x00000000d5580000, 0x00000000d5880000, 0x0000000100000000)
  eden space 1536K, 0% used [0x00000000d5580000,0x00000000d5580000,0x00000000d5700000)
  from space 512K, 93% used [0x00000000d5800000,0x00000000d5878000,0x00000000d5880000)
  to   space 512K, 0% used [0x00000000d5780000,0x00000000d5780000,0x00000000d5800000)
 ParOldGen       total 287744K, used 287428K [0x0000000080000000, 0x0000000091900000, 0x00000000d5580000)
  object space 287744K, 99% used [0x0000000080000000,0x00000000918b10d8,0x0000000091900000)
 Metaspace       used 63222K, committed 64576K, reserved 1114112K
  class space    used 6667K, committed 7296K, reserved 1048576K
}
Event: 33.169 GC heap before
{Heap before GC invocations=342 (full 3):
 PSYoungGen      total 2048K, used 2016K [0x00000000d5580000, 0x00000000d5880000, 0x0000000100000000)
  eden space 1536K, 100% used [0x00000000d5580000,0x00000000d5700000,0x00000000d5700000)
  from space 512K, 93% used [0x00000000d5800000,0x00000000d5878000,0x00000000d5880000)
  to   space 512K, 0% used [0x00000000d5780000,0x00000000d5780000,0x00000000d5800000)
 ParOldGen       total 287744K, used 287428K [0x0000000080000000, 0x0000000091900000, 0x00000000d5580000)
  object space 287744K, 99% used [0x0000000080000000,0x00000000918b10d8,0x0000000091900000)
 Metaspace       used 63222K, committed 64576K, reserved 1114112K
  class space    used 6667K, committed 7296K, reserved 1048576K
}
Event: 33.171 GC heap after
{Heap after GC invocations=342 (full 3):
 PSYoungGen      total 2048K, used 512K [0x00000000d5580000, 0x00000000d5900000, 0x0000000100000000)
  eden space 1536K, 0% used [0x00000000d5580000,0x00000000d5580000,0x00000000d5700000)
  from space 512K, 100% used [0x00000000d5780000,0x00000000d5800000,0x00000000d5800000)
  to   space 1024K, 0% used [0x00000000d5800000,0x00000000d5800000,0x00000000d5900000)
 ParOldGen       total 288256K, used 287805K [0x0000000080000000, 0x0000000091980000, 0x00000000d5580000)
  object space 288256K, 99% used [0x0000000080000000,0x000000009190f500,0x0000000091980000)
 Metaspace       used 63222K, committed 64576K, reserved 1114112K
  class space    used 6667K, committed 7296K, reserved 1048576K
}
Event: 33.177 GC heap before
{Heap before GC invocations=343 (full 3):
 PSYoungGen      total 2048K, used 2048K [0x00000000d5580000, 0x00000000d5900000, 0x0000000100000000)
  eden space 1536K, 100% used [0x00000000d5580000,0x00000000d5700000,0x00000000d5700000)
  from space 512K, 100% used [0x00000000d5780000,0x00000000d5800000,0x00000000d5800000)
  to   space 1024K, 0% used [0x00000000d5800000,0x00000000d5800000,0x00000000d5900000)
 ParOldGen       total 288256K, used 287805K [0x0000000080000000, 0x0000000091980000, 0x00000000d5580000)
  object space 288256K, 99% used [0x0000000080000000,0x000000009190f500,0x0000000091980000)
 Metaspace       used 63222K, committed 64576K, reserved 1114112K
  class space    used 6667K, committed 7296K, reserved 1048576K
}
Event: 33.179 GC heap after
{Heap after GC invocations=343 (full 3):
 PSYoungGen      total 2560K, used 563K [0x00000000d5580000, 0x00000000d5900000, 0x0000000100000000)
  eden space 1536K, 0% used [0x00000000d5580000,0x00000000d5580000,0x00000000d5700000)
  from space 1024K, 55% used [0x00000000d5800000,0x00000000d588cd08,0x00000000d5900000)
  to   space 1024K, 0% used [0x00000000d5700000,0x00000000d5700000,0x00000000d5800000)
 ParOldGen       total 288256K, used 288177K [0x0000000080000000, 0x0000000091980000, 0x00000000d5580000)
  object space 288256K, 99% used [0x0000000080000000,0x000000009196c608,0x0000000091980000)
 Metaspace       used 63222K, committed 64576K, reserved 1114112K
  class space    used 6667K, committed 7296K, reserved 1048576K
}
Event: 33.193 GC heap before
{Heap before GC invocations=344 (full 3):
 PSYoungGen      total 2560K, used 2099K [0x00000000d5580000, 0x00000000d5900000, 0x0000000100000000)
  eden space 1536K, 100% used [0x00000000d5580000,0x00000000d5700000,0x00000000d5700000)
  from space 1024K, 55% used [0x00000000d5800000,0x00000000d588cd08,0x00000000d5900000)
  to   space 1024K, 0% used [0x00000000d5700000,0x00000000d5700000,0x00000000d5800000)
 ParOldGen       total 288256K, used 288177K [0x0000000080000000, 0x0000000091980000, 0x00000000d5580000)
  object space 288256K, 99% used [0x0000000080000000,0x000000009196c608,0x0000000091980000)
 Metaspace       used 63222K, committed 64576K, reserved 1114112K
  class space    used 6667K, committed 7296K, reserved 1048576K
}
Event: 33.196 GC heap after
{Heap after GC invocations=344 (full 3):
 PSYoungGen      total 2560K, used 480K [0x00000000d5580000, 0x00000000d5900000, 0x0000000100000000)
  eden space 1536K, 0% used [0x00000000d5580000,0x00000000d5580000,0x00000000d5700000)
  from space 1024K, 46% used [0x00000000d5700000,0x00000000d5778000,0x00000000d5800000)
  to   space 1024K, 0% used [0x00000000d5800000,0x00000000d5800000,0x00000000d5900000)
 ParOldGen       total 288768K, used 288606K [0x0000000080000000, 0x0000000091a00000, 0x00000000d5580000)
  object space 288768K, 99% used [0x0000000080000000,0x00000000919d7970,0x0000000091a00000)
 Metaspace       used 63222K, committed 64576K, reserved 1114112K
  class space    used 6667K, committed 7296K, reserved 1048576K
}
Event: 33.200 GC heap before
{Heap before GC invocations=345 (full 3):
 PSYoungGen      total 2560K, used 2016K [0x00000000d5580000, 0x00000000d5900000, 0x0000000100000000)
  eden space 1536K, 100% used [0x00000000d5580000,0x00000000d5700000,0x00000000d5700000)
  from space 1024K, 46% used [0x00000000d5700000,0x00000000d5778000,0x00000000d5800000)
  to   space 1024K, 0% used [0x00000000d5800000,0x00000000d5800000,0x00000000d5900000)
 ParOldGen       total 288768K, used 288606K [0x0000000080000000, 0x0000000091a00000, 0x00000000d5580000)
  object space 288768K, 99% used [0x0000000080000000,0x00000000919d7970,0x0000000091a00000)
 Metaspace       used 63222K, committed 64576K, reserved 1114112K
  class space    used 6667K, committed 7296K, reserved 1048576K
}
Event: 33.203 GC heap after
{Heap after GC invocations=345 (full 3):
 PSYoungGen      total 2560K, used 576K [0x00000000d5580000, 0x00000000d5980000, 0x0000000100000000)
  eden space 1536K, 0% used [0x00000000d5580000,0x00000000d5580000,0x00000000d5700000)
  from space 1024K, 56% used [0x00000000d5800000,0x00000000d5890000,0x00000000d5900000)
  to   space 1024K, 0% used [0x00000000d5700000,0x00000000d5700000,0x00000000d5800000)
 ParOldGen       total 289280K, used 289021K [0x0000000080000000, 0x0000000091a80000, 0x00000000d5580000)
  object space 289280K, 99% used [0x0000000080000000,0x0000000091a3f6b8,0x0000000091a80000)
 Metaspace       used 63222K, committed 64576K, reserved 1114112K
  class space    used 6667K, committed 7296K, reserved 1048576K
}
Event: 33.211 GC heap before
{Heap before GC invocations=346 (full 3):
 PSYoungGen      total 2560K, used 2112K [0x00000000d5580000, 0x00000000d5980000, 0x0000000100000000)
  eden space 1536K, 100% used [0x00000000d5580000,0x00000000d5700000,0x00000000d5700000)
  from space 1024K, 56% used [0x00000000d5800000,0x00000000d5890000,0x00000000d5900000)
  to   space 1024K, 0% used [0x00000000d5700000,0x00000000d5700000,0x00000000d5800000)
 ParOldGen       total 289280K, used 289021K [0x0000000080000000, 0x0000000091a80000, 0x00000000d5580000)
  object space 289280K, 99% used [0x0000000080000000,0x0000000091a3f6b8,0x0000000091a80000)
 Metaspace       used 63222K, committed 64576K, reserved 1114112K
  class space    used 6667K, committed 7296K, reserved 1048576K
}
Event: 33.212 GC heap after
{Heap after GC invocations=346 (full 3):
 PSYoungGen      total 2560K, used 481K [0x00000000d5580000, 0x00000000d5980000, 0x0000000100000000)
  eden space 1536K, 0% used [0x00000000d5580000,0x00000000d5580000,0x00000000d5700000)
  from space 1024K, 47% used [0x00000000d5700000,0x00000000d5778748,0x00000000d5800000)
  to   space 1024K, 0% used [0x00000000d5880000,0x00000000d5880000,0x00000000d5980000)
 ParOldGen       total 289792K, used 289440K [0x0000000080000000, 0x0000000091b00000, 0x00000000d5580000)
  object space 289792K, 99% used [0x0000000080000000,0x0000000091aa81b8,0x0000000091b00000)
 Metaspace       used 63222K, committed 64576K, reserved 1114112K
  class space    used 6667K, committed 7296K, reserved 1048576K
}
Event: 33.224 GC heap before
{Heap before GC invocations=347 (full 3):
 PSYoungGen      total 2560K, used 2017K [0x00000000d5580000, 0x00000000d5980000, 0x0000000100000000)
  eden space 1536K, 99% used [0x00000000d5580000,0x00000000d56fffc0,0x00000000d5700000)
  from space 1024K, 47% used [0x00000000d5700000,0x00000000d5778748,0x00000000d5800000)
  to   space 1024K, 0% used [0x00000000d5880000,0x00000000d5880000,0x00000000d5980000)
 ParOldGen       total 289792K, used 289440K [0x0000000080000000, 0x0000000091b00000, 0x00000000d5580000)
  object space 289792K, 99% used [0x0000000080000000,0x0000000091aa81b8,0x0000000091b00000)
 Metaspace       used 63226K, committed 64576K, reserved 1114112K
  class space    used 6667K, committed 7296K, reserved 1048576K
}
Event: 33.226 GC heap after
{Heap after GC invocations=347 (full 3):
 PSYoungGen      total 2048K, used 256K [0x00000000d5580000, 0x00000000d5900000, 0x0000000100000000)
  eden space 1536K, 0% used [0x00000000d5580000,0x00000000d5580000,0x00000000d5700000)
  from space 512K, 50% used [0x00000000d5880000,0x00000000d58c0000,0x00000000d5900000)
  to   space 512K, 0% used [0x00000000d5800000,0x00000000d5800000,0x00000000d5880000)
 ParOldGen       total 290304K, used 289823K [0x0000000080000000, 0x0000000091b80000, 0x00000000d5580000)
  object space 290304K, 99% used [0x0000000080000000,0x0000000091b07e50,0x0000000091b80000)
 Metaspace       used 63226K, committed 64576K, reserved 1114112K
  class space    used 6667K, committed 7296K, reserved 1048576K
}
Event: 33.237 GC heap before
{Heap before GC invocations=348 (full 3):
 PSYoungGen      total 2048K, used 1792K [0x00000000d5580000, 0x00000000d5900000, 0x0000000100000000)
  eden space 1536K, 100% used [0x00000000d5580000,0x00000000d5700000,0x00000000d5700000)
  from space 512K, 50% used [0x00000000d5880000,0x00000000d58c0000,0x00000000d5900000)
  to   space 512K, 0% used [0x00000000d5800000,0x00000000d5800000,0x00000000d5880000)
 ParOldGen       total 290304K, used 289823K [0x0000000080000000, 0x0000000091b80000, 0x00000000d5580000)
  object space 290304K, 99% used [0x0000000080000000,0x0000000091b07e50,0x0000000091b80000)
 Metaspace       used 63231K, committed 64576K, reserved 1114112K
  class space    used 6667K, committed 7296K, reserved 1048576K
}
Event: 33.238 GC heap after
{Heap after GC invocations=348 (full 3):
 PSYoungGen      total 2048K, used 448K [0x00000000d5580000, 0x00000000d5900000, 0x0000000100000000)
  eden space 1536K, 0% used [0x00000000d5580000,0x00000000d5580000,0x00000000d5700000)
  from space 512K, 87% used [0x00000000d5800000,0x00000000d5870000,0x00000000d5880000)
  to   space 512K, 0% used [0x00000000d5880000,0x00000000d5880000,0x00000000d5900000)
 ParOldGen       total 290304K, used 289983K [0x0000000080000000, 0x0000000091b80000, 0x00000000d5580000)
  object space 290304K, 99% used [0x0000000080000000,0x0000000091b2fe50,0x0000000091b80000)
 Metaspace       used 63231K, committed 64576K, reserved 1114112K
  class space    used 6667K, committed 7296K, reserved 1048576K
}
Event: 33.252 GC heap before
{Heap before GC invocations=349 (full 3):
 PSYoungGen      total 2048K, used 1984K [0x00000000d5580000, 0x00000000d5900000, 0x0000000100000000)
  eden space 1536K, 100% used [0x00000000d5580000,0x00000000d5700000,0x00000000d5700000)
  from space 512K, 87% used [0x00000000d5800000,0x00000000d5870000,0x00000000d5880000)
  to   space 512K, 0% used [0x00000000d5880000,0x00000000d5880000,0x00000000d5900000)
 ParOldGen       total 290304K, used 289983K [0x0000000080000000, 0x0000000091b80000, 0x00000000d5580000)
  object space 290304K, 99% used [0x0000000080000000,0x0000000091b2fe50,0x0000000091b80000)
 Metaspace       used 63234K, committed 64576K, reserved 1114112K
  class space    used 6667K, committed 7296K, reserved 1048576K
}
Event: 33.255 GC heap after
{Heap after GC invocations=349 (full 3):
 PSYoungGen      total 2048K, used 480K [0x00000000d5580000, 0x00000000d5900000, 0x0000000100000000)
  eden space 1536K, 0% used [0x00000000d5580000,0x00000000d5580000,0x00000000d5700000)
  from space 512K, 93% used [0x00000000d5880000,0x00000000d58f8000,0x00000000d5900000)
  to   space 512K, 0% used [0x00000000d5800000,0x00000000d5800000,0x00000000d5880000)
 ParOldGen       total 290816K, used 290335K [0x0000000080000000, 0x0000000091c00000, 0x00000000d5580000)
  object space 290816K, 99% used [0x0000000080000000,0x0000000091b87e50,0x0000000091c00000)
 Metaspace       used 63234K, committed 64576K, reserved 1114112K
  class space    used 6667K, committed 7296K, reserved 1048576K
}
Event: 33.267 GC heap before
{Heap before GC invocations=350 (full 3):
 PSYoungGen      total 2048K, used 2015K [0x00000000d5580000, 0x00000000d5900000, 0x0000000100000000)
  eden space 1536K, 99% used [0x00000000d5580000,0x00000000d56ffda8,0x00000000d5700000)
  from space 512K, 93% used [0x00000000d5880000,0x00000000d58f8000,0x00000000d5900000)
  to   space 512K, 0% used [0x00000000d5800000,0x00000000d5800000,0x00000000d5880000)
 ParOldGen       total 290816K, used 290335K [0x0000000080000000, 0x0000000091c00000, 0x00000000d5580000)
  object space 290816K, 99% used [0x0000000080000000,0x0000000091b87e50,0x0000000091c00000)
 Metaspace       used 63240K, committed 64576K, reserved 1114112K
  class space    used 6667K, committed 7296K, reserved 1048576K
}
Event: 33.270 GC heap after
{Heap after GC invocations=350 (full 3):
 PSYoungGen      total 2048K, used 508K [0x00000000d5580000, 0x00000000d5a00000, 0x0000000100000000)
  eden space 1536K, 0% used [0x00000000d5580000,0x00000000d5580000,0x00000000d5700000)
  from space 512K, 99% used [0x00000000d5800000,0x00000000d587f238,0x00000000d5880000)
  to   space 1536K, 0% used [0x00000000d5880000,0x00000000d5880000,0x00000000d5a00000)
 ParOldGen       total 290816K, used 290790K [0x0000000080000000, 0x0000000091c00000, 0x00000000d5580000)
  object space 290816K, 99% used [0x0000000080000000,0x0000000091bf9810,0x0000000091c00000)
 Metaspace       used 63240K, committed 64576K, reserved 1114112K
  class space    used 6667K, committed 7296K, reserved 1048576K
}
Event: 34.280 GC heap before
{Heap before GC invocations=351 (full 3):
 PSYoungGen      total 2048K, used 2044K [0x00000000d5580000, 0x00000000d5a00000, 0x0000000100000000)
  eden space 1536K, 100% used [0x00000000d5580000,0x00000000d5700000,0x00000000d5700000)
  from space 512K, 99% used [0x00000000d5800000,0x00000000d587f238,0x00000000d5880000)
  to   space 1536K, 0% used [0x00000000d5880000,0x00000000d5880000,0x00000000d5a00000)
 ParOldGen       total 291328K, used 290836K [0x0000000080000000, 0x0000000091c80000, 0x00000000d5580000)
  object space 291328K, 99% used [0x0000000080000000,0x0000000091c050c0,0x0000000091c80000)
 Metaspace       used 63241K, committed 64576K, reserved 1114112K
  class space    used 6667K, committed 7296K, reserved 1048576K
}

