# JRE version: OpenJDK Runtime Environment Temurin-21.0.8+9 (21.0.8+9) (build 21.0.8+9-LTS)
# Java VM: OpenJDK 64-Bit Server VM Temurin-21.0.8+9 (21.0.8+9-LTS, mixed mode, sharing, tiered, compressed oops, compressed class ptrs, parallel gc, windows-amd64)
GC Precious Log:
 CardTable entry size: 512
 CPUs: 8 total, 8 available
 Memory: 6017M
 Large Page Support: Disabled
 NUMA Support: Disabled
 Compressed Oops: Enabled (32-bit)
 Alignments: Space 512K, Generation 512K, Heap 2M
 Heap Min Capacity: 100M
 Heap Initial Capacity: 100M
 Heap Max Capacity: 2G
 Pre-touch: Disabled
 Parallel Workers: 8
Heap:
 PSYoungGen      total 5632K, used 3839K [0x00000000d5580000, 0x00000000d5c00000, 0x0000000100000000)
  eden space 4608K, 64% used [0x00000000d5580000,0x00000000d5869f98,0x00000000d5a00000)
  from space 1024K, 92% used [0x00000000d5a00000,0x00000000d5aecd00,0x00000000d5b00000)
  to   space 1024K, 0% used [0x00000000d5b00000,0x00000000d5b00000,0x00000000d5c00000)
 ParOldGen       total 1075712K, used 1075566K [0x0000000080000000, 0x00000000c1a80000, 0x00000000d5580000)
  object space 1075712K, 99% used [0x0000000080000000,0x00000000c1a5bbf8,0x00000000c1a80000)
 Metaspace       used 70531K, committed 72000K, reserved 1114112K
  class space    used 7783K, committed 8384K, reserved 1048576K
GC Heap History (20 events):
Event: 172.133 GC heap before
{Heap before GC invocations=2181 (full 3):
 PSYoungGen      total 5120K, used 4960K [0x00000000d5580000, 0x00000000d5c00000, 0x0000000100000000)
  eden space 4608K, 100% used [0x00000000d5580000,0x00000000d5a00000,0x00000000d5a00000)
  from space 512K, 68% used [0x00000000d5a80000,0x00000000d5ad8000,0x00000000d5b00000)
  to   space 1024K, 0% used [0x00000000d5b00000,0x00000000d5b00000,0x00000000d5c00000)
 ParOldGen       total 1071104K, used 1071098K [0x0000000080000000, 0x00000000c1600000, 0x00000000d5580000)
  object space 1071104K, 99% used [0x0000000080000000,0x00000000c15fe8c8,0x00000000c1600000)
 Metaspace       used 70531K, committed 72000K, reserved 1114112K
  class space    used 7783K, committed 8384K, reserved 1048576K
}
Event: 172.137 GC heap after
{Heap after GC invocations=2181 (full 3):
 PSYoungGen      total 5120K, used 286K [0x00000000d5580000, 0x00000000d5b80000, 0x0000000100000000)
  eden space 4608K, 0% used [0x00000000d5580000,0x00000000d5580000,0x00000000d5a00000)
  from space 512K, 56% used [0x00000000d5b00000,0x00000000d5b47b58,0x00000000d5b80000)
  to   space 512K, 0% used [0x00000000d5a80000,0x00000000d5a80000,0x00000000d5b00000)
 ParOldGen       total 1071616K, used 1071210K [0x0000000080000000, 0x00000000c1680000, 0x00000000d5580000)
  object space 1071616K, 99% used [0x0000000080000000,0x00000000c161a8c8,0x00000000c1680000)
 Metaspace       used 70531K, committed 72000K, reserved 1114112K
  class space    used 7783K, committed 8384K, reserved 1048576K
}
Event: 172.160 GC heap before
{Heap before GC invocations=2182 (full 3):
 PSYoungGen      total 5120K, used 4894K [0x00000000d5580000, 0x00000000d5b80000, 0x0000000100000000)
  eden space 4608K, 100% used [0x00000000d5580000,0x00000000d5a00000,0x00000000d5a00000)
  from space 512K, 56% used [0x00000000d5b00000,0x00000000d5b47b58,0x00000000d5b80000)
  to   space 512K, 0% used [0x00000000d5a80000,0x00000000d5a80000,0x00000000d5b00000)
 ParOldGen       total 1071616K, used 1071210K [0x0000000080000000, 0x00000000c1680000, 0x00000000d5580000)
  object space 1071616K, 99% used [0x0000000080000000,0x00000000c161a8c8,0x00000000c1680000)
 Metaspace       used 70531K, committed 72000K, reserved 1114112K
  class space    used 7783K, committed 8384K, reserved 1048576K
}
Event: 172.165 GC heap after
{Heap after GC invocations=2182 (full 3):
 PSYoungGen      total 5120K, used 507K [0x00000000d5580000, 0x00000000d5c00000, 0x0000000100000000)
  eden space 4608K, 0% used [0x00000000d5580000,0x00000000d5580000,0x00000000d5a00000)
  from space 512K, 99% used [0x00000000d5a80000,0x00000000d5afec08,0x00000000d5b00000)
  to   space 1024K, 0% used [0x00000000d5b00000,0x00000000d5b00000,0x00000000d5c00000)
 ParOldGen       total 1071616K, used 1071516K [0x0000000080000000, 0x00000000c1680000, 0x00000000d5580000)
  object space 1071616K, 99% used [0x0000000080000000,0x00000000c16671d0,0x00000000c1680000)
 Metaspace       used 70531K, committed 72000K, reserved 1114112K
  class space    used 7783K, committed 8384K, reserved 1048576K
}
Event: 172.189 GC heap before
{Heap before GC invocations=2183 (full 3):
 PSYoungGen      total 5120K, used 5115K [0x00000000d5580000, 0x00000000d5c00000, 0x0000000100000000)
  eden space 4608K, 100% used [0x00000000d5580000,0x00000000d5a00000,0x00000000d5a00000)
  from space 512K, 99% used [0x00000000d5a80000,0x00000000d5afec08,0x00000000d5b00000)
  to   space 1024K, 0% used [0x00000000d5b00000,0x00000000d5b00000,0x00000000d5c00000)
 ParOldGen       total 1071616K, used 1071516K [0x0000000080000000, 0x00000000c1680000, 0x00000000d5580000)
  object space 1071616K, 99% used [0x0000000080000000,0x00000000c16671d0,0x00000000c1680000)
 Metaspace       used 70531K, committed 72000K, reserved 1114112K
  class space    used 7783K, committed 8384K, reserved 1048576K
}
Event: 172.194 GC heap after
{Heap after GC invocations=2183 (full 3):
 PSYoungGen      total 5632K, used 608K [0x00000000d5580000, 0x00000000d5c00000, 0x0000000100000000)
  eden space 4608K, 0% used [0x00000000d5580000,0x00000000d5580000,0x00000000d5a00000)
  from space 1024K, 59% used [0x00000000d5b00000,0x00000000d5b98000,0x00000000d5c00000)
  to   space 1024K, 0% used [0x00000000d5a00000,0x00000000d5a00000,0x00000000d5b00000)
 ParOldGen       total 1072128K, used 1072047K [0x0000000080000000, 0x00000000c1700000, 0x00000000d5580000)
  object space 1072128K, 99% used [0x0000000080000000,0x00000000c16ebdd8,0x00000000c1700000)
 Metaspace       used 70531K, committed 72000K, reserved 1114112K
  class space    used 7783K, committed 8384K, reserved 1048576K
}
Event: 172.216 GC heap before
{Heap before GC invocations=2184 (full 3):
 PSYoungGen      total 5632K, used 5216K [0x00000000d5580000, 0x00000000d5c00000, 0x0000000100000000)
  eden space 4608K, 100% used [0x00000000d5580000,0x00000000d5a00000,0x00000000d5a00000)
  from space 1024K, 59% used [0x00000000d5b00000,0x00000000d5b98000,0x00000000d5c00000)
  to   space 1024K, 0% used [0x00000000d5a00000,0x00000000d5a00000,0x00000000d5b00000)
 ParOldGen       total 1072128K, used 1072047K [0x0000000080000000, 0x00000000c1700000, 0x00000000d5580000)
  object space 1072128K, 99% used [0x0000000080000000,0x00000000c16ebdd8,0x00000000c1700000)
 Metaspace       used 70531K, committed 72000K, reserved 1114112K
  class space    used 7783K, committed 8384K, reserved 1048576K
}
Event: 172.221 GC heap after
{Heap after GC invocations=2184 (full 3):
 PSYoungGen      total 5632K, used 630K [0x00000000d5580000, 0x00000000d5c00000, 0x0000000100000000)
  eden space 4608K, 0% used [0x00000000d5580000,0x00000000d5580000,0x00000000d5a00000)
  from space 1024K, 61% used [0x00000000d5a00000,0x00000000d5a9d808,0x00000000d5b00000)
  to   space 1024K, 0% used [0x00000000d5b00000,0x00000000d5b00000,0x00000000d5c00000)
 ParOldGen       total 1072640K, used 1072543K [0x0000000080000000, 0x00000000c1780000, 0x00000000d5580000)
  object space 1072640K, 99% used [0x0000000080000000,0x00000000c1767dd8,0x00000000c1780000)
 Metaspace       used 70531K, committed 72000K, reserved 1114112K
  class space    used 7783K, committed 8384K, reserved 1048576K
}
Event: 172.251 GC heap before
{Heap before GC invocations=2185 (full 3):
 PSYoungGen      total 5632K, used 5238K [0x00000000d5580000, 0x00000000d5c00000, 0x0000000100000000)
  eden space 4608K, 100% used [0x00000000d5580000,0x00000000d5a00000,0x00000000d5a00000)
  from space 1024K, 61% used [0x00000000d5a00000,0x00000000d5a9d808,0x00000000d5b00000)
  to   space 1024K, 0% used [0x00000000d5b00000,0x00000000d5b00000,0x00000000d5c00000)
 ParOldGen       total 1072640K, used 1072543K [0x0000000080000000, 0x00000000c1780000, 0x00000000d5580000)
  object space 1072640K, 99% used [0x0000000080000000,0x00000000c1767dd8,0x00000000c1780000)
 Metaspace       used 70531K, committed 72000K, reserved 1114112K
  class space    used 7783K, committed 8384K, reserved 1048576K
}
Event: 172.256 GC heap after
{Heap after GC invocations=2185 (full 3):
 PSYoungGen      total 5632K, used 544K [0x00000000d5580000, 0x00000000d5c00000, 0x0000000100000000)
  eden space 4608K, 0% used [0x00000000d5580000,0x00000000d5580000,0x00000000d5a00000)
  from space 1024K, 53% used [0x00000000d5b00000,0x00000000d5b88000,0x00000000d5c00000)
  to   space 1024K, 0% used [0x00000000d5a00000,0x00000000d5a00000,0x00000000d5b00000)
 ParOldGen       total 1073152K, used 1073109K [0x0000000080000000, 0x00000000c1800000, 0x00000000d5580000)
  object space 1073152K, 99% used [0x0000000080000000,0x00000000c17f55e0,0x00000000c1800000)
 Metaspace       used 70531K, committed 72000K, reserved 1114112K
  class space    used 7783K, committed 8384K, reserved 1048576K
}
Event: 172.284 GC heap before
{Heap before GC invocations=2186 (full 3):
 PSYoungGen      total 5632K, used 5152K [0x00000000d5580000, 0x00000000d5c00000, 0x0000000100000000)
  eden space 4608K, 100% used [0x00000000d5580000,0x00000000d5a00000,0x00000000d5a00000)
  from space 1024K, 53% used [0x00000000d5b00000,0x00000000d5b88000,0x00000000d5c00000)
  to   space 1024K, 0% used [0x00000000d5a00000,0x00000000d5a00000,0x00000000d5b00000)
 ParOldGen       total 1073152K, used 1073109K [0x0000000080000000, 0x00000000c1800000, 0x00000000d5580000)
  object space 1073152K, 99% used [0x0000000080000000,0x00000000c17f55e0,0x00000000c1800000)
 Metaspace       used 70531K, committed 72000K, reserved 1114112K
  class space    used 7783K, committed 8384K, reserved 1048576K
}
Event: 172.289 GC heap after
{Heap after GC invocations=2186 (full 3):
 PSYoungGen      total 5632K, used 652K [0x00000000d5580000, 0x00000000d5c00000, 0x0000000100000000)
  eden space 4608K, 0% used [0x00000000d5580000,0x00000000d5580000,0x00000000d5a00000)
  from space 1024K, 63% used [0x00000000d5a00000,0x00000000d5aa3008,0x00000000d5b00000)
  to   space 1024K, 0% used [0x00000000d5b00000,0x00000000d5b00000,0x00000000d5c00000)
 ParOldGen       total 1073664K, used 1073573K [0x0000000080000000, 0x00000000c1880000, 0x00000000d5580000)
  object space 1073664K, 99% used [0x0000000080000000,0x00000000c18695e0,0x00000000c1880000)
 Metaspace       used 70531K, committed 72000K, reserved 1114112K
  class space    used 7783K, committed 8384K, reserved 1048576K
}
Event: 172.315 GC heap before
{Heap before GC invocations=2187 (full 3):
 PSYoungGen      total 5632K, used 5260K [0x00000000d5580000, 0x00000000d5c00000, 0x0000000100000000)
  eden space 4608K, 100% used [0x00000000d5580000,0x00000000d5a00000,0x00000000d5a00000)
  from space 1024K, 63% used [0x00000000d5a00000,0x00000000d5aa3008,0x00000000d5b00000)
  to   space 1024K, 0% used [0x00000000d5b00000,0x00000000d5b00000,0x00000000d5c00000)
 ParOldGen       total 1073664K, used 1073573K [0x0000000080000000, 0x00000000c1880000, 0x00000000d5580000)
  object space 1073664K, 99% used [0x0000000080000000,0x00000000c18695e0,0x00000000c1880000)
 Metaspace       used 70531K, committed 72000K, reserved 1114112K
  class space    used 7783K, committed 8384K, reserved 1048576K
}
Event: 172.320 GC heap after
{Heap after GC invocations=2187 (full 3):
 PSYoungGen      total 5632K, used 576K [0x00000000d5580000, 0x00000000d5c00000, 0x0000000100000000)
  eden space 4608K, 0% used [0x00000000d5580000,0x00000000d5580000,0x00000000d5a00000)
  from space 1024K, 56% used [0x00000000d5b00000,0x00000000d5b90000,0x00000000d5c00000)
  to   space 1024K, 0% used [0x00000000d5a00000,0x00000000d5a00000,0x00000000d5b00000)
 ParOldGen       total 1074688K, used 1074177K [0x0000000080000000, 0x00000000c1980000, 0x00000000d5580000)
  object space 1074688K, 99% used [0x0000000080000000,0x00000000c19005e8,0x00000000c1980000)
 Metaspace       used 70531K, committed 72000K, reserved 1114112K
  class space    used 7783K, committed 8384K, reserved 1048576K
}
Event: 172.341 GC heap before
{Heap before GC invocations=2188 (full 3):
 PSYoungGen      total 5632K, used 5184K [0x00000000d5580000, 0x00000000d5c00000, 0x0000000100000000)
  eden space 4608K, 100% used [0x00000000d5580000,0x00000000d5a00000,0x00000000d5a00000)
  from space 1024K, 56% used [0x00000000d5b00000,0x00000000d5b90000,0x00000000d5c00000)
  to   space 1024K, 0% used [0x00000000d5a00000,0x00000000d5a00000,0x00000000d5b00000)
 ParOldGen       total 1074688K, used 1074177K [0x0000000080000000, 0x00000000c1980000, 0x00000000d5580000)
  object space 1074688K, 99% used [0x0000000080000000,0x00000000c19005e8,0x00000000c1980000)
 Metaspace       used 70531K, committed 72000K, reserved 1114112K
  class space    used 7783K, committed 8384K, reserved 1048576K
}
Event: 172.346 GC heap after
{Heap after GC invocations=2188 (full 3):
 PSYoungGen      total 5632K, used 512K [0x00000000d5580000, 0x00000000d5c00000, 0x0000000100000000)
  eden space 4608K, 0% used [0x00000000d5580000,0x00000000d5580000,0x00000000d5a00000)
  from space 1024K, 50% used [0x00000000d5a00000,0x00000000d5a80000,0x00000000d5b00000)
  to   space 1024K, 0% used [0x00000000d5b00000,0x00000000d5b00000,0x00000000d5c00000)
 ParOldGen       total 1074688K, used 1074646K [0x0000000080000000, 0x00000000c1980000, 0x00000000d5580000)
  object space 1074688K, 99% used [0x0000000080000000,0x00000000c1975bf8,0x00000000c1980000)
 Metaspace       used 70531K, committed 72000K, reserved 1114112K
  class space    used 7783K, committed 8384K, reserved 1048576K
}
Event: 172.367 GC heap before
{Heap before GC invocations=2189 (full 3):
 PSYoungGen      total 5632K, used 5120K [0x00000000d5580000, 0x00000000d5c00000, 0x0000000100000000)
  eden space 4608K, 100% used [0x00000000d5580000,0x00000000d5a00000,0x00000000d5a00000)
  from space 1024K, 50% used [0x00000000d5a00000,0x00000000d5a80000,0x00000000d5b00000)
  to   space 1024K, 0% used [0x00000000d5b00000,0x00000000d5b00000,0x00000000d5c00000)
 ParOldGen       total 1074688K, used 1074646K [0x0000000080000000, 0x00000000c1980000, 0x00000000d5580000)
  object space 1074688K, 99% used [0x0000000080000000,0x00000000c1975bf8,0x00000000c1980000)
 Metaspace       used 70531K, committed 72000K, reserved 1114112K
  class space    used 7783K, committed 8384K, reserved 1048576K
}
Event: 172.371 GC heap after
{Heap after GC invocations=2189 (full 3):
 PSYoungGen      total 5632K, used 640K [0x00000000d5580000, 0x00000000d5c00000, 0x0000000100000000)
  eden space 4608K, 0% used [0x00000000d5580000,0x00000000d5580000,0x00000000d5a00000)
  from space 1024K, 62% used [0x00000000d5b00000,0x00000000d5ba0000,0x00000000d5c00000)
  to   space 1024K, 0% used [0x00000000d5a00000,0x00000000d5a00000,0x00000000d5b00000)
 ParOldGen       total 1075200K, used 1075054K [0x0000000080000000, 0x00000000c1a00000, 0x00000000d5580000)
  object space 1075200K, 99% used [0x0000000080000000,0x00000000c19dbbf8,0x00000000c1a00000)
 Metaspace       used 70531K, committed 72000K, reserved 1114112K
  class space    used 7783K, committed 8384K, reserved 1048576K
}
Event: 172.396 GC heap before
{Heap before GC invocations=2190 (full 3):
 PSYoungGen      total 5632K, used 5248K [0x00000000d5580000, 0x00000000d5c00000, 0x0000000100000000)
  eden space 4608K, 100% used [0x00000000d5580000,0x00000000d5a00000,0x00000000d5a00000)
  from space 1024K, 62% used [0x00000000d5b00000,0x00000000d5ba0000,0x00000000d5c00000)
  to   space 1024K, 0% used [0x00000000d5a00000,0x00000000d5a00000,0x00000000d5b00000)
 ParOldGen       total 1075200K, used 1075054K [0x0000000080000000, 0x00000000c1a00000, 0x00000000d5580000)
  object space 1075200K, 99% used [0x0000000080000000,0x00000000c19dbbf8,0x00000000c1a00000)
 Metaspace       used 70531K, committed 72000K, reserved 1114112K
  class space    used 7783K, committed 8384K, reserved 1048576K
}
Event: 175.438 GC heap after
{Heap after GC invocations=2190 (full 3):
 PSYoungGen      total 5632K, used 947K [0x00000000d5580000, 0x00000000d5c00000, 0x0000000100000000)
  eden space 4608K, 0% used [0x00000000d5580000,0x00000000d5580000,0x00000000d5a00000)
  from space 1024K, 92% used [0x00000000d5a00000,0x00000000d5aecd00,0x00000000d5b00000)
  to   space 1024K, 0% used [0x00000000d5b00000,0x00000000d5b00000,0x00000000d5c00000)
 ParOldGen       total 1075712K, used 1075566K [0x0000000080000000, 0x00000000c1a80000, 0x00000000d5580000)
  object space 1075712K, 99% used [0x0000000080000000,0x00000000c1a5bbf8,0x00000000c1a80000)
 Metaspace       used 70531K, committed 72000K, reserved 1114112K
  class space    used 7783K, committed 8384K, reserved 1048576K
}

